[2025-05-28 00:05:04] [WARNING] Undefined array key "texto" - File: /Applications/XAMPP/xamppfiles/htdocs/policlinico/index.php, Line: 217
[2025-05-28 00:05:04] [WARNING] Undefined array key "valoracion" - File: /Applications/XAMPP/xamppfiles/htdocs/policlinico/index.php, Line: 218
[2025-05-28 00:05:04] [WARNING] Undefined array key "autor_nombre" - File: /Applications/XAMPP/xamppfiles/htdocs/policlinico/index.php, Line: 219
[2025-05-28 00:05:04] [WARNING] Undefined array key "texto" - File: /Applications/XAMPP/xamppfiles/htdocs/policlinico/index.php, Line: 217
[2025-05-28 00:05:04] [WARNING] Undefined array key "valoracion" - File: /Applications/XAMPP/xamppfiles/htdocs/policlinico/index.php, Line: 218
[2025-05-28 00:05:04] [WARNING] Undefined array key "autor_nombre" - File: /Applications/XAMPP/xamppfiles/htdocs/policlinico/index.php, Line: 219
[2025-05-28 00:05:04] [WARNING] Undefined array key "texto" - File: /Applications/XAMPP/xamppfiles/htdocs/policlinico/index.php, Line: 217
[2025-05-28 00:05:04] [WARNING] Undefined array key "valoracion" - File: /Applications/XAMPP/xamppfiles/htdocs/policlinico/index.php, Line: 218
[2025-05-28 00:05:04] [WARNING] Undefined array key "autor_nombre" - File: /Applications/XAMPP/xamppfiles/htdocs/policlinico/index.php, Line: 219
[2025-05-28 00:05:04] [WARNING] Undefined array key "texto" - File: /Applications/XAMPP/xamppfiles/htdocs/policlinico/index.php, Line: 217
[2025-05-28 00:05:04] [WARNING] Undefined array key "valoracion" - File: /Applications/XAMPP/xamppfiles/htdocs/policlinico/index.php, Line: 218
[2025-05-28 00:05:04] [WARNING] Undefined array key "autor_nombre" - File: /Applications/XAMPP/xamppfiles/htdocs/policlinico/index.php, Line: 219
[2025-05-28 00:12:59] [WARNING] Undefined array key "texto" - File: /Applications/XAMPP/xamppfiles/htdocs/policlinico/index.php, Line: 217
[2025-05-28 00:12:59] [WARNING] Undefined array key "valoracion" - File: /Applications/XAMPP/xamppfiles/htdocs/policlinico/index.php, Line: 218
[2025-05-28 00:12:59] [WARNING] Undefined array key "autor_nombre" - File: /Applications/XAMPP/xamppfiles/htdocs/policlinico/index.php, Line: 219
[2025-05-28 00:12:59] [WARNING] Undefined array key "texto" - File: /Applications/XAMPP/xamppfiles/htdocs/policlinico/index.php, Line: 217
[2025-05-28 00:12:59] [WARNING] Undefined array key "valoracion" - File: /Applications/XAMPP/xamppfiles/htdocs/policlinico/index.php, Line: 218
[2025-05-28 00:12:59] [WARNING] Undefined array key "autor_nombre" - File: /Applications/XAMPP/xamppfiles/htdocs/policlinico/index.php, Line: 219
[2025-05-28 00:12:59] [WARNING] Undefined array key "texto" - File: /Applications/XAMPP/xamppfiles/htdocs/policlinico/index.php, Line: 217
[2025-05-28 00:12:59] [WARNING] Undefined array key "valoracion" - File: /Applications/XAMPP/xamppfiles/htdocs/policlinico/index.php, Line: 218
[2025-05-28 00:12:59] [WARNING] Undefined array key "autor_nombre" - File: /Applications/XAMPP/xamppfiles/htdocs/policlinico/index.php, Line: 219
[2025-05-28 00:12:59] [WARNING] Undefined array key "texto" - File: /Applications/XAMPP/xamppfiles/htdocs/policlinico/index.php, Line: 217
[2025-05-28 00:12:59] [WARNING] Undefined array key "valoracion" - File: /Applications/XAMPP/xamppfiles/htdocs/policlinico/index.php, Line: 218
[2025-05-28 00:12:59] [WARNING] Undefined array key "autor_nombre" - File: /Applications/XAMPP/xamppfiles/htdocs/policlinico/index.php, Line: 219
[2025-05-28 00:13:25] [WARNING] Undefined array key "texto" - File: /Applications/XAMPP/xamppfiles/htdocs/policlinico/index.php, Line: 217
[2025-05-28 00:13:25] [WARNING] Undefined array key "valoracion" - File: /Applications/XAMPP/xamppfiles/htdocs/policlinico/index.php, Line: 218
[2025-05-28 00:13:25] [WARNING] Undefined array key "autor_nombre" - File: /Applications/XAMPP/xamppfiles/htdocs/policlinico/index.php, Line: 219
[2025-05-28 00:13:25] [WARNING] Undefined array key "texto" - File: /Applications/XAMPP/xamppfiles/htdocs/policlinico/index.php, Line: 217
[2025-05-28 00:13:25] [WARNING] Undefined array key "valoracion" - File: /Applications/XAMPP/xamppfiles/htdocs/policlinico/index.php, Line: 218
[2025-05-28 00:13:26] [WARNING] Undefined array key "autor_nombre" - File: /Applications/XAMPP/xamppfiles/htdocs/policlinico/index.php, Line: 219
[2025-05-28 00:13:26] [WARNING] Undefined array key "texto" - File: /Applications/XAMPP/xamppfiles/htdocs/policlinico/index.php, Line: 217
[2025-05-28 00:13:26] [WARNING] Undefined array key "valoracion" - File: /Applications/XAMPP/xamppfiles/htdocs/policlinico/index.php, Line: 218
[2025-05-28 00:13:26] [WARNING] Undefined array key "autor_nombre" - File: /Applications/XAMPP/xamppfiles/htdocs/policlinico/index.php, Line: 219
[2025-05-28 00:13:26] [WARNING] Undefined array key "texto" - File: /Applications/XAMPP/xamppfiles/htdocs/policlinico/index.php, Line: 217
[2025-05-28 00:13:26] [WARNING] Undefined array key "valoracion" - File: /Applications/XAMPP/xamppfiles/htdocs/policlinico/index.php, Line: 218
[2025-05-28 00:13:26] [WARNING] Undefined array key "autor_nombre" - File: /Applications/XAMPP/xamppfiles/htdocs/policlinico/index.php, Line: 219
[2025-05-28 00:14:23] [WARNING] Undefined array key "texto" - File: /Applications/XAMPP/xamppfiles/htdocs/policlinico/index.php, Line: 217
[2025-05-28 00:14:23] [WARNING] Undefined array key "valoracion" - File: /Applications/XAMPP/xamppfiles/htdocs/policlinico/index.php, Line: 218
[2025-05-28 00:14:23] [WARNING] Undefined array key "autor_nombre" - File: /Applications/XAMPP/xamppfiles/htdocs/policlinico/index.php, Line: 219
[2025-05-28 00:14:23] [WARNING] Undefined array key "texto" - File: /Applications/XAMPP/xamppfiles/htdocs/policlinico/index.php, Line: 217
[2025-05-28 00:14:23] [WARNING] Undefined array key "valoracion" - File: /Applications/XAMPP/xamppfiles/htdocs/policlinico/index.php, Line: 218
[2025-05-28 00:14:23] [WARNING] Undefined array key "autor_nombre" - File: /Applications/XAMPP/xamppfiles/htdocs/policlinico/index.php, Line: 219
[2025-05-28 00:14:23] [WARNING] Undefined array key "texto" - File: /Applications/XAMPP/xamppfiles/htdocs/policlinico/index.php, Line: 217
[2025-05-28 00:14:23] [WARNING] Undefined array key "valoracion" - File: /Applications/XAMPP/xamppfiles/htdocs/policlinico/index.php, Line: 218
[2025-05-28 00:14:23] [WARNING] Undefined array key "autor_nombre" - File: /Applications/XAMPP/xamppfiles/htdocs/policlinico/index.php, Line: 219
[2025-05-28 00:14:23] [WARNING] Undefined array key "texto" - File: /Applications/XAMPP/xamppfiles/htdocs/policlinico/index.php, Line: 217
[2025-05-28 00:14:23] [WARNING] Undefined array key "valoracion" - File: /Applications/XAMPP/xamppfiles/htdocs/policlinico/index.php, Line: 218
[2025-05-28 00:14:23] [WARNING] Undefined array key "autor_nombre" - File: /Applications/XAMPP/xamppfiles/htdocs/policlinico/index.php, Line: 219
[2025-05-28 00:16:34] [WARNING] Undefined array key "texto" - File: /Applications/XAMPP/xamppfiles/htdocs/policlinico/index.php, Line: 217
[2025-05-28 00:16:34] [WARNING] Undefined array key "valoracion" - File: /Applications/XAMPP/xamppfiles/htdocs/policlinico/index.php, Line: 218
[2025-05-28 00:16:34] [WARNING] Undefined array key "autor_nombre" - File: /Applications/XAMPP/xamppfiles/htdocs/policlinico/index.php, Line: 219
[2025-05-28 00:16:34] [WARNING] Undefined array key "texto" - File: /Applications/XAMPP/xamppfiles/htdocs/policlinico/index.php, Line: 217
[2025-05-28 00:16:34] [WARNING] Undefined array key "valoracion" - File: /Applications/XAMPP/xamppfiles/htdocs/policlinico/index.php, Line: 218
[2025-05-28 00:16:34] [WARNING] Undefined array key "autor_nombre" - File: /Applications/XAMPP/xamppfiles/htdocs/policlinico/index.php, Line: 219
[2025-05-28 00:16:34] [WARNING] Undefined array key "texto" - File: /Applications/XAMPP/xamppfiles/htdocs/policlinico/index.php, Line: 217
[2025-05-28 00:16:34] [WARNING] Undefined array key "valoracion" - File: /Applications/XAMPP/xamppfiles/htdocs/policlinico/index.php, Line: 218
[2025-05-28 00:16:34] [WARNING] Undefined array key "autor_nombre" - File: /Applications/XAMPP/xamppfiles/htdocs/policlinico/index.php, Line: 219
[2025-05-28 00:16:34] [WARNING] Undefined array key "texto" - File: /Applications/XAMPP/xamppfiles/htdocs/policlinico/index.php, Line: 217
[2025-05-28 00:16:34] [WARNING] Undefined array key "valoracion" - File: /Applications/XAMPP/xamppfiles/htdocs/policlinico/index.php, Line: 218
[2025-05-28 00:16:34] [WARNING] Undefined array key "autor_nombre" - File: /Applications/XAMPP/xamppfiles/htdocs/policlinico/index.php, Line: 219
[2025-05-28 00:16:36] [WARNING] Undefined array key "texto" - File: /Applications/XAMPP/xamppfiles/htdocs/policlinico/index.php, Line: 217
[2025-05-28 00:16:36] [WARNING] Undefined array key "valoracion" - File: /Applications/XAMPP/xamppfiles/htdocs/policlinico/index.php, Line: 218
[2025-05-28 00:16:36] [WARNING] Undefined array key "autor_nombre" - File: /Applications/XAMPP/xamppfiles/htdocs/policlinico/index.php, Line: 219
[2025-05-28 00:16:36] [WARNING] Undefined array key "texto" - File: /Applications/XAMPP/xamppfiles/htdocs/policlinico/index.php, Line: 217
[2025-05-28 00:16:36] [WARNING] Undefined array key "valoracion" - File: /Applications/XAMPP/xamppfiles/htdocs/policlinico/index.php, Line: 218
[2025-05-28 00:16:36] [WARNING] Undefined array key "autor_nombre" - File: /Applications/XAMPP/xamppfiles/htdocs/policlinico/index.php, Line: 219
[2025-05-28 00:16:36] [WARNING] Undefined array key "texto" - File: /Applications/XAMPP/xamppfiles/htdocs/policlinico/index.php, Line: 217
[2025-05-28 00:16:36] [WARNING] Undefined array key "valoracion" - File: /Applications/XAMPP/xamppfiles/htdocs/policlinico/index.php, Line: 218
[2025-05-28 00:16:36] [WARNING] Undefined array key "autor_nombre" - File: /Applications/XAMPP/xamppfiles/htdocs/policlinico/index.php, Line: 219
[2025-05-28 00:16:36] [WARNING] Undefined array key "texto" - File: /Applications/XAMPP/xamppfiles/htdocs/policlinico/index.php, Line: 217
[2025-05-28 00:16:36] [WARNING] Undefined array key "valoracion" - File: /Applications/XAMPP/xamppfiles/htdocs/policlinico/index.php, Line: 218
[2025-05-28 00:16:36] [WARNING] Undefined array key "autor_nombre" - File: /Applications/XAMPP/xamppfiles/htdocs/policlinico/index.php, Line: 219
[2025-05-28 00:16:37] [WARNING] Undefined array key "texto" - File: /Applications/XAMPP/xamppfiles/htdocs/policlinico/index.php, Line: 217
[2025-05-28 00:16:37] [WARNING] Undefined array key "valoracion" - File: /Applications/XAMPP/xamppfiles/htdocs/policlinico/index.php, Line: 218
[2025-05-28 00:16:37] [WARNING] Undefined array key "autor_nombre" - File: /Applications/XAMPP/xamppfiles/htdocs/policlinico/index.php, Line: 219
[2025-05-28 00:16:37] [WARNING] Undefined array key "texto" - File: /Applications/XAMPP/xamppfiles/htdocs/policlinico/index.php, Line: 217
[2025-05-28 00:16:37] [WARNING] Undefined array key "valoracion" - File: /Applications/XAMPP/xamppfiles/htdocs/policlinico/index.php, Line: 218
[2025-05-28 00:16:37] [WARNING] Undefined array key "autor_nombre" - File: /Applications/XAMPP/xamppfiles/htdocs/policlinico/index.php, Line: 219
[2025-05-28 00:16:37] [WARNING] Undefined array key "texto" - File: /Applications/XAMPP/xamppfiles/htdocs/policlinico/index.php, Line: 217
[2025-05-28 00:16:37] [WARNING] Undefined array key "valoracion" - File: /Applications/XAMPP/xamppfiles/htdocs/policlinico/index.php, Line: 218
[2025-05-28 00:16:37] [WARNING] Undefined array key "autor_nombre" - File: /Applications/XAMPP/xamppfiles/htdocs/policlinico/index.php, Line: 219
[2025-05-28 00:16:37] [WARNING] Undefined array key "texto" - File: /Applications/XAMPP/xamppfiles/htdocs/policlinico/index.php, Line: 217
[2025-05-28 00:16:37] [WARNING] Undefined array key "valoracion" - File: /Applications/XAMPP/xamppfiles/htdocs/policlinico/index.php, Line: 218
[2025-05-28 00:16:37] [WARNING] Undefined array key "autor_nombre" - File: /Applications/XAMPP/xamppfiles/htdocs/policlinico/index.php, Line: 219
[2025-05-28 00:16:41] [WARNING] Undefined array key "texto" - File: /Applications/XAMPP/xamppfiles/htdocs/policlinico/index.php, Line: 217
[2025-05-28 00:16:41] [WARNING] Undefined array key "valoracion" - File: /Applications/XAMPP/xamppfiles/htdocs/policlinico/index.php, Line: 218
[2025-05-28 00:16:41] [WARNING] Undefined array key "autor_nombre" - File: /Applications/XAMPP/xamppfiles/htdocs/policlinico/index.php, Line: 219
[2025-05-28 00:16:41] [WARNING] Undefined array key "texto" - File: /Applications/XAMPP/xamppfiles/htdocs/policlinico/index.php, Line: 217
[2025-05-28 00:16:41] [WARNING] Undefined array key "valoracion" - File: /Applications/XAMPP/xamppfiles/htdocs/policlinico/index.php, Line: 218
[2025-05-28 00:16:41] [WARNING] Undefined array key "autor_nombre" - File: /Applications/XAMPP/xamppfiles/htdocs/policlinico/index.php, Line: 219
[2025-05-28 00:16:41] [WARNING] Undefined array key "texto" - File: /Applications/XAMPP/xamppfiles/htdocs/policlinico/index.php, Line: 217
[2025-05-28 00:16:41] [WARNING] Undefined array key "valoracion" - File: /Applications/XAMPP/xamppfiles/htdocs/policlinico/index.php, Line: 218
[2025-05-28 00:16:41] [WARNING] Undefined array key "autor_nombre" - File: /Applications/XAMPP/xamppfiles/htdocs/policlinico/index.php, Line: 219
[2025-05-28 00:16:41] [WARNING] Undefined array key "texto" - File: /Applications/XAMPP/xamppfiles/htdocs/policlinico/index.php, Line: 217
[2025-05-28 00:16:41] [WARNING] Undefined array key "valoracion" - File: /Applications/XAMPP/xamppfiles/htdocs/policlinico/index.php, Line: 218
[2025-05-28 00:16:41] [WARNING] Undefined array key "autor_nombre" - File: /Applications/XAMPP/xamppfiles/htdocs/policlinico/index.php, Line: 219
[2025-05-28 00:17:10] [WARNING] Undefined array key "texto" - File: /Applications/XAMPP/xamppfiles/htdocs/policlinico/index.php, Line: 217
[2025-05-28 00:17:10] [WARNING] Undefined array key "valoracion" - File: /Applications/XAMPP/xamppfiles/htdocs/policlinico/index.php, Line: 218
[2025-05-28 00:17:10] [WARNING] Undefined array key "autor_nombre" - File: /Applications/XAMPP/xamppfiles/htdocs/policlinico/index.php, Line: 219
[2025-05-28 00:17:10] [WARNING] Undefined array key "texto" - File: /Applications/XAMPP/xamppfiles/htdocs/policlinico/index.php, Line: 217
[2025-05-28 00:17:10] [WARNING] Undefined array key "valoracion" - File: /Applications/XAMPP/xamppfiles/htdocs/policlinico/index.php, Line: 218
[2025-05-28 00:17:10] [WARNING] Undefined array key "autor_nombre" - File: /Applications/XAMPP/xamppfiles/htdocs/policlinico/index.php, Line: 219
[2025-05-28 00:17:10] [WARNING] Undefined array key "texto" - File: /Applications/XAMPP/xamppfiles/htdocs/policlinico/index.php, Line: 217
[2025-05-28 00:17:10] [WARNING] Undefined array key "valoracion" - File: /Applications/XAMPP/xamppfiles/htdocs/policlinico/index.php, Line: 218
[2025-05-28 00:17:10] [WARNING] Undefined array key "autor_nombre" - File: /Applications/XAMPP/xamppfiles/htdocs/policlinico/index.php, Line: 219
[2025-05-28 00:17:10] [WARNING] Undefined array key "texto" - File: /Applications/XAMPP/xamppfiles/htdocs/policlinico/index.php, Line: 217
[2025-05-28 00:17:10] [WARNING] Undefined array key "valoracion" - File: /Applications/XAMPP/xamppfiles/htdocs/policlinico/index.php, Line: 218
[2025-05-28 00:17:10] [WARNING] Undefined array key "autor_nombre" - File: /Applications/XAMPP/xamppfiles/htdocs/policlinico/index.php, Line: 219
[2025-05-28 00:18:49] [WARNING] Undefined array key "texto" - File: /Applications/XAMPP/xamppfiles/htdocs/policlinico/index.php, Line: 217
[2025-05-28 00:18:49] [WARNING] Undefined array key "valoracion" - File: /Applications/XAMPP/xamppfiles/htdocs/policlinico/index.php, Line: 218
[2025-05-28 00:18:49] [WARNING] Undefined array key "autor_nombre" - File: /Applications/XAMPP/xamppfiles/htdocs/policlinico/index.php, Line: 219
[2025-05-28 00:18:49] [WARNING] Undefined array key "texto" - File: /Applications/XAMPP/xamppfiles/htdocs/policlinico/index.php, Line: 217
[2025-05-28 00:18:49] [WARNING] Undefined array key "valoracion" - File: /Applications/XAMPP/xamppfiles/htdocs/policlinico/index.php, Line: 218
[2025-05-28 00:18:49] [WARNING] Undefined array key "autor_nombre" - File: /Applications/XAMPP/xamppfiles/htdocs/policlinico/index.php, Line: 219
[2025-05-28 00:18:49] [WARNING] Undefined array key "texto" - File: /Applications/XAMPP/xamppfiles/htdocs/policlinico/index.php, Line: 217
[2025-05-28 00:18:49] [WARNING] Undefined array key "valoracion" - File: /Applications/XAMPP/xamppfiles/htdocs/policlinico/index.php, Line: 218
[2025-05-28 00:18:49] [WARNING] Undefined array key "autor_nombre" - File: /Applications/XAMPP/xamppfiles/htdocs/policlinico/index.php, Line: 219
[2025-05-28 00:18:49] [WARNING] Undefined array key "texto" - File: /Applications/XAMPP/xamppfiles/htdocs/policlinico/index.php, Line: 217
[2025-05-28 00:18:49] [WARNING] Undefined array key "valoracion" - File: /Applications/XAMPP/xamppfiles/htdocs/policlinico/index.php, Line: 218
[2025-05-28 00:18:49] [WARNING] Undefined array key "autor_nombre" - File: /Applications/XAMPP/xamppfiles/htdocs/policlinico/index.php, Line: 219
[2025-05-28 00:19:35] [WARNING] Undefined array key "texto" - File: /Applications/XAMPP/xamppfiles/htdocs/policlinico/index.php, Line: 217
[2025-05-28 00:19:35] [WARNING] Undefined array key "valoracion" - File: /Applications/XAMPP/xamppfiles/htdocs/policlinico/index.php, Line: 218
[2025-05-28 00:19:35] [WARNING] Undefined array key "autor_nombre" - File: /Applications/XAMPP/xamppfiles/htdocs/policlinico/index.php, Line: 219
[2025-05-28 00:19:35] [WARNING] Undefined array key "texto" - File: /Applications/XAMPP/xamppfiles/htdocs/policlinico/index.php, Line: 217
[2025-05-28 00:19:35] [WARNING] Undefined array key "valoracion" - File: /Applications/XAMPP/xamppfiles/htdocs/policlinico/index.php, Line: 218
[2025-05-28 00:19:35] [WARNING] Undefined array key "autor_nombre" - File: /Applications/XAMPP/xamppfiles/htdocs/policlinico/index.php, Line: 219
[2025-05-28 00:19:35] [WARNING] Undefined array key "texto" - File: /Applications/XAMPP/xamppfiles/htdocs/policlinico/index.php, Line: 217
[2025-05-28 00:19:35] [WARNING] Undefined array key "valoracion" - File: /Applications/XAMPP/xamppfiles/htdocs/policlinico/index.php, Line: 218
[2025-05-28 00:19:35] [WARNING] Undefined array key "autor_nombre" - File: /Applications/XAMPP/xamppfiles/htdocs/policlinico/index.php, Line: 219
[2025-05-28 00:19:35] [WARNING] Undefined array key "texto" - File: /Applications/XAMPP/xamppfiles/htdocs/policlinico/index.php, Line: 217
[2025-05-28 00:19:35] [WARNING] Undefined array key "valoracion" - File: /Applications/XAMPP/xamppfiles/htdocs/policlinico/index.php, Line: 218
[2025-05-28 00:19:35] [WARNING] Undefined array key "autor_nombre" - File: /Applications/XAMPP/xamppfiles/htdocs/policlinico/index.php, Line: 219
[2025-05-28 00:19:44] [WARNING] Undefined array key "texto" - File: /Applications/XAMPP/xamppfiles/htdocs/policlinico/index.php, Line: 217
[2025-05-28 00:19:44] [WARNING] Undefined array key "valoracion" - File: /Applications/XAMPP/xamppfiles/htdocs/policlinico/index.php, Line: 218
[2025-05-28 00:19:44] [WARNING] Undefined array key "autor_nombre" - File: /Applications/XAMPP/xamppfiles/htdocs/policlinico/index.php, Line: 219
[2025-05-28 00:19:44] [WARNING] Undefined array key "texto" - File: /Applications/XAMPP/xamppfiles/htdocs/policlinico/index.php, Line: 217
[2025-05-28 00:19:44] [WARNING] Undefined array key "valoracion" - File: /Applications/XAMPP/xamppfiles/htdocs/policlinico/index.php, Line: 218
[2025-05-28 00:19:44] [WARNING] Undefined array key "autor_nombre" - File: /Applications/XAMPP/xamppfiles/htdocs/policlinico/index.php, Line: 219
[2025-05-28 00:19:44] [WARNING] Undefined array key "texto" - File: /Applications/XAMPP/xamppfiles/htdocs/policlinico/index.php, Line: 217
[2025-05-28 00:19:44] [WARNING] Undefined array key "valoracion" - File: /Applications/XAMPP/xamppfiles/htdocs/policlinico/index.php, Line: 218
[2025-05-28 00:19:44] [WARNING] Undefined array key "autor_nombre" - File: /Applications/XAMPP/xamppfiles/htdocs/policlinico/index.php, Line: 219
[2025-05-28 00:19:44] [WARNING] Undefined array key "texto" - File: /Applications/XAMPP/xamppfiles/htdocs/policlinico/index.php, Line: 217
[2025-05-28 00:19:44] [WARNING] Undefined array key "valoracion" - File: /Applications/XAMPP/xamppfiles/htdocs/policlinico/index.php, Line: 218
[2025-05-28 00:19:44] [WARNING] Undefined array key "autor_nombre" - File: /Applications/XAMPP/xamppfiles/htdocs/policlinico/index.php, Line: 219
[2025-05-28 00:22:54] [SHUTDOWN] Uncaught Error: Call to undefined function obtenerEspecies() in /Applications/XAMPP/xamppfiles/htdocs/policlinico/citas.php:280
Stack trace:
#0 {main}
  thrown - File: /Applications/XAMPP/xamppfiles/htdocs/policlinico/citas.php, Line: 280
[2025-05-28 00:23:00] [WARNING] Undefined array key "texto" - File: /Applications/XAMPP/xamppfiles/htdocs/policlinico/index.php, Line: 217
[2025-05-28 00:23:00] [WARNING] Undefined array key "valoracion" - File: /Applications/XAMPP/xamppfiles/htdocs/policlinico/index.php, Line: 218
[2025-05-28 00:23:00] [WARNING] Undefined array key "autor_nombre" - File: /Applications/XAMPP/xamppfiles/htdocs/policlinico/index.php, Line: 219
[2025-05-28 00:23:00] [WARNING] Undefined array key "texto" - File: /Applications/XAMPP/xamppfiles/htdocs/policlinico/index.php, Line: 217
[2025-05-28 00:23:00] [WARNING] Undefined array key "valoracion" - File: /Applications/XAMPP/xamppfiles/htdocs/policlinico/index.php, Line: 218
[2025-05-28 00:23:00] [WARNING] Undefined array key "autor_nombre" - File: /Applications/XAMPP/xamppfiles/htdocs/policlinico/index.php, Line: 219
[2025-05-28 00:23:00] [WARNING] Undefined array key "texto" - File: /Applications/XAMPP/xamppfiles/htdocs/policlinico/index.php, Line: 217
[2025-05-28 00:23:00] [WARNING] Undefined array key "valoracion" - File: /Applications/XAMPP/xamppfiles/htdocs/policlinico/index.php, Line: 218
[2025-05-28 00:23:00] [WARNING] Undefined array key "autor_nombre" - File: /Applications/XAMPP/xamppfiles/htdocs/policlinico/index.php, Line: 219
[2025-05-28 00:23:00] [WARNING] Undefined array key "texto" - File: /Applications/XAMPP/xamppfiles/htdocs/policlinico/index.php, Line: 217
[2025-05-28 00:23:00] [WARNING] Undefined array key "valoracion" - File: /Applications/XAMPP/xamppfiles/htdocs/policlinico/index.php, Line: 218
[2025-05-28 00:23:00] [WARNING] Undefined array key "autor_nombre" - File: /Applications/XAMPP/xamppfiles/htdocs/policlinico/index.php, Line: 219
[2025-05-28 00:23:05] [WARNING] Undefined array key "texto" - File: /Applications/XAMPP/xamppfiles/htdocs/policlinico/index.php, Line: 217
[2025-05-28 00:23:05] [WARNING] Undefined array key "valoracion" - File: /Applications/XAMPP/xamppfiles/htdocs/policlinico/index.php, Line: 218
[2025-05-28 00:23:05] [WARNING] Undefined array key "autor_nombre" - File: /Applications/XAMPP/xamppfiles/htdocs/policlinico/index.php, Line: 219
[2025-05-28 00:23:05] [WARNING] Undefined array key "texto" - File: /Applications/XAMPP/xamppfiles/htdocs/policlinico/index.php, Line: 217
[2025-05-28 00:23:05] [WARNING] Undefined array key "valoracion" - File: /Applications/XAMPP/xamppfiles/htdocs/policlinico/index.php, Line: 218
[2025-05-28 00:23:05] [WARNING] Undefined array key "autor_nombre" - File: /Applications/XAMPP/xamppfiles/htdocs/policlinico/index.php, Line: 219
[2025-05-28 00:23:05] [WARNING] Undefined array key "texto" - File: /Applications/XAMPP/xamppfiles/htdocs/policlinico/index.php, Line: 217
[2025-05-28 00:23:05] [WARNING] Undefined array key "valoracion" - File: /Applications/XAMPP/xamppfiles/htdocs/policlinico/index.php, Line: 218
[2025-05-28 00:23:05] [WARNING] Undefined array key "autor_nombre" - File: /Applications/XAMPP/xamppfiles/htdocs/policlinico/index.php, Line: 219
[2025-05-28 00:23:05] [WARNING] Undefined array key "texto" - File: /Applications/XAMPP/xamppfiles/htdocs/policlinico/index.php, Line: 217
[2025-05-28 00:23:05] [WARNING] Undefined array key "valoracion" - File: /Applications/XAMPP/xamppfiles/htdocs/policlinico/index.php, Line: 218
[2025-05-28 00:23:05] [WARNING] Undefined array key "autor_nombre" - File: /Applications/XAMPP/xamppfiles/htdocs/policlinico/index.php, Line: 219
[2025-05-28 00:23:46] [WARNING] Undefined array key "texto" - File: /Applications/XAMPP/xamppfiles/htdocs/policlinico/index.php, Line: 217
[2025-05-28 00:23:46] [WARNING] Undefined array key "valoracion" - File: /Applications/XAMPP/xamppfiles/htdocs/policlinico/index.php, Line: 218
[2025-05-28 00:23:46] [WARNING] Undefined array key "autor_nombre" - File: /Applications/XAMPP/xamppfiles/htdocs/policlinico/index.php, Line: 219
[2025-05-28 00:23:46] [WARNING] Undefined array key "texto" - File: /Applications/XAMPP/xamppfiles/htdocs/policlinico/index.php, Line: 217
[2025-05-28 00:23:46] [WARNING] Undefined array key "valoracion" - File: /Applications/XAMPP/xamppfiles/htdocs/policlinico/index.php, Line: 218
[2025-05-28 00:23:46] [WARNING] Undefined array key "autor_nombre" - File: /Applications/XAMPP/xamppfiles/htdocs/policlinico/index.php, Line: 219
[2025-05-28 00:23:46] [WARNING] Undefined array key "texto" - File: /Applications/XAMPP/xamppfiles/htdocs/policlinico/index.php, Line: 217
[2025-05-28 00:23:46] [WARNING] Undefined array key "valoracion" - File: /Applications/XAMPP/xamppfiles/htdocs/policlinico/index.php, Line: 218
[2025-05-28 00:23:46] [WARNING] Undefined array key "autor_nombre" - File: /Applications/XAMPP/xamppfiles/htdocs/policlinico/index.php, Line: 219
[2025-05-28 00:23:46] [WARNING] Undefined array key "texto" - File: /Applications/XAMPP/xamppfiles/htdocs/policlinico/index.php, Line: 217
[2025-05-28 00:23:46] [WARNING] Undefined array key "valoracion" - File: /Applications/XAMPP/xamppfiles/htdocs/policlinico/index.php, Line: 218
[2025-05-28 00:23:46] [WARNING] Undefined array key "autor_nombre" - File: /Applications/XAMPP/xamppfiles/htdocs/policlinico/index.php, Line: 219
[2025-05-28 00:23:48] [WARNING] Undefined array key "texto" - File: /Applications/XAMPP/xamppfiles/htdocs/policlinico/index.php, Line: 217
[2025-05-28 00:23:48] [WARNING] Undefined array key "valoracion" - File: /Applications/XAMPP/xamppfiles/htdocs/policlinico/index.php, Line: 218
[2025-05-28 00:23:48] [WARNING] Undefined array key "autor_nombre" - File: /Applications/XAMPP/xamppfiles/htdocs/policlinico/index.php, Line: 219
[2025-05-28 00:23:48] [WARNING] Undefined array key "texto" - File: /Applications/XAMPP/xamppfiles/htdocs/policlinico/index.php, Line: 217
[2025-05-28 00:23:48] [WARNING] Undefined array key "valoracion" - File: /Applications/XAMPP/xamppfiles/htdocs/policlinico/index.php, Line: 218
[2025-05-28 00:23:48] [WARNING] Undefined array key "autor_nombre" - File: /Applications/XAMPP/xamppfiles/htdocs/policlinico/index.php, Line: 219
[2025-05-28 00:23:48] [WARNING] Undefined array key "texto" - File: /Applications/XAMPP/xamppfiles/htdocs/policlinico/index.php, Line: 217
[2025-05-28 00:23:48] [WARNING] Undefined array key "valoracion" - File: /Applications/XAMPP/xamppfiles/htdocs/policlinico/index.php, Line: 218
[2025-05-28 00:23:48] [WARNING] Undefined array key "autor_nombre" - File: /Applications/XAMPP/xamppfiles/htdocs/policlinico/index.php, Line: 219
[2025-05-28 00:23:48] [WARNING] Undefined array key "texto" - File: /Applications/XAMPP/xamppfiles/htdocs/policlinico/index.php, Line: 217
[2025-05-28 00:23:48] [WARNING] Undefined array key "valoracion" - File: /Applications/XAMPP/xamppfiles/htdocs/policlinico/index.php, Line: 218
[2025-05-28 00:23:48] [WARNING] Undefined array key "autor_nombre" - File: /Applications/XAMPP/xamppfiles/htdocs/policlinico/index.php, Line: 219
[2025-05-28 16:52:14] [WARNING] Undefined array key "texto" - File: /Applications/XAMPP/xamppfiles/htdocs/policlinico/index.php, Line: 217
[2025-05-28 16:52:14] [WARNING] Undefined array key "valoracion" - File: /Applications/XAMPP/xamppfiles/htdocs/policlinico/index.php, Line: 218
[2025-05-28 16:52:14] [WARNING] Undefined array key "autor_nombre" - File: /Applications/XAMPP/xamppfiles/htdocs/policlinico/index.php, Line: 219
[2025-05-28 16:52:14] [WARNING] Undefined array key "texto" - File: /Applications/XAMPP/xamppfiles/htdocs/policlinico/index.php, Line: 217
[2025-05-28 16:52:14] [WARNING] Undefined array key "valoracion" - File: /Applications/XAMPP/xamppfiles/htdocs/policlinico/index.php, Line: 218
[2025-05-28 16:52:14] [WARNING] Undefined array key "autor_nombre" - File: /Applications/XAMPP/xamppfiles/htdocs/policlinico/index.php, Line: 219
[2025-05-28 16:52:14] [WARNING] Undefined array key "texto" - File: /Applications/XAMPP/xamppfiles/htdocs/policlinico/index.php, Line: 217
[2025-05-28 16:52:14] [WARNING] Undefined array key "valoracion" - File: /Applications/XAMPP/xamppfiles/htdocs/policlinico/index.php, Line: 218
[2025-05-28 16:52:14] [WARNING] Undefined array key "autor_nombre" - File: /Applications/XAMPP/xamppfiles/htdocs/policlinico/index.php, Line: 219
[2025-05-28 16:52:14] [WARNING] Undefined array key "texto" - File: /Applications/XAMPP/xamppfiles/htdocs/policlinico/index.php, Line: 217
[2025-05-28 16:52:14] [WARNING] Undefined array key "valoracion" - File: /Applications/XAMPP/xamppfiles/htdocs/policlinico/index.php, Line: 218
[2025-05-28 16:52:14] [WARNING] Undefined array key "autor_nombre" - File: /Applications/XAMPP/xamppfiles/htdocs/policlinico/index.php, Line: 219
