[2025-05-27 18:37:07] [WARNING] Undefined array key "site_url" - File: /Applications/XAMPP/xamppfiles/htdocs/policlinico/index.php, Line: 58
[2025-05-27 18:37:07] [WARNING] Undefined array key "site_url" - File: /Applications/XAMPP/xamppfiles/htdocs/policlinico/index.php, Line: 59
[2025-05-27 18:37:07] [WARNING] Undefined array key "texto" - File: /Applications/XAMPP/xamppfiles/htdocs/policlinico/index.php, Line: 217
[2025-05-27 18:37:07] [SHUTDOWN] Uncaught Error: Call to undefined function generarEstrellas() in /Applications/XAMPP/xamppfiles/htdocs/policlinico/index.php:218
Stack trace:
#0 {main}
  thrown - File: /Applications/XAMPP/xamppfiles/htdocs/policlinico/index.php, Line: 218
[2025-05-27 18:44:58] [WARNING] Undefined array key "texto" - File: /Applications/XAMPP/xamppfiles/htdocs/policlinico/index.php, Line: 217
[2025-05-27 18:44:58] [SHUTDOWN] Uncaught Error: Call to undefined function generarEstrellas() in /Applications/XAMPP/xamppfiles/htdocs/policlinico/index.php:218
Stack trace:
#0 {main}
  thrown - File: /Applications/XAMPP/xamppfiles/htdocs/policlinico/index.php, Line: 218
[2025-05-27 18:51:23] [WARNING] Undefined array key "texto" - File: /Applications/XAMPP/xamppfiles/htdocs/policlinico/index.php, Line: 217
[2025-05-27 18:51:23] [SHUTDOWN] Uncaught Error: Call to undefined function generarEstrellas() in /Applications/XAMPP/xamppfiles/htdocs/policlinico/index.php:218
Stack trace:
#0 {main}
  thrown - File: /Applications/XAMPP/xamppfiles/htdocs/policlinico/index.php, Line: 218
[2025-05-27 18:55:40] [WARNING] Undefined array key "texto" - File: /Applications/XAMPP/xamppfiles/htdocs/policlinico/index.php, Line: 217
[2025-05-27 18:55:40] [SHUTDOWN] Uncaught Error: Call to undefined function generarEstrellas() in /Applications/XAMPP/xamppfiles/htdocs/policlinico/index.php:218
Stack trace:
#0 {main}
  thrown - File: /Applications/XAMPP/xamppfiles/htdocs/policlinico/index.php, Line: 218
[2025-05-27 19:25:35] [WARNING] Undefined array key "texto" - File: /Applications/XAMPP/xamppfiles/htdocs/policlinico/index.php, Line: 217
[2025-05-27 19:25:35] [WARNING] Undefined array key "valoracion" - File: /Applications/XAMPP/xamppfiles/htdocs/policlinico/index.php, Line: 218
[2025-05-27 19:25:35] [WARNING] Undefined array key "autor_nombre" - File: /Applications/XAMPP/xamppfiles/htdocs/policlinico/index.php, Line: 219
[2025-05-27 19:25:35] [WARNING] Undefined array key "texto" - File: /Applications/XAMPP/xamppfiles/htdocs/policlinico/index.php, Line: 217
[2025-05-27 19:25:35] [WARNING] Undefined array key "valoracion" - File: /Applications/XAMPP/xamppfiles/htdocs/policlinico/index.php, Line: 218
[2025-05-27 19:25:35] [WARNING] Undefined array key "autor_nombre" - File: /Applications/XAMPP/xamppfiles/htdocs/policlinico/index.php, Line: 219
[2025-05-27 19:25:35] [WARNING] Undefined array key "texto" - File: /Applications/XAMPP/xamppfiles/htdocs/policlinico/index.php, Line: 217
[2025-05-27 19:25:35] [WARNING] Undefined array key "valoracion" - File: /Applications/XAMPP/xamppfiles/htdocs/policlinico/index.php, Line: 218
[2025-05-27 19:25:35] [WARNING] Undefined array key "autor_nombre" - File: /Applications/XAMPP/xamppfiles/htdocs/policlinico/index.php, Line: 219
[2025-05-27 19:25:35] [WARNING] Undefined array key "texto" - File: /Applications/XAMPP/xamppfiles/htdocs/policlinico/index.php, Line: 217
[2025-05-27 19:25:35] [WARNING] Undefined array key "valoracion" - File: /Applications/XAMPP/xamppfiles/htdocs/policlinico/index.php, Line: 218
[2025-05-27 19:25:35] [WARNING] Undefined array key "autor_nombre" - File: /Applications/XAMPP/xamppfiles/htdocs/policlinico/index.php, Line: 219
[2025-05-27 19:26:14] [WARNING] Undefined array key "texto" - File: /Applications/XAMPP/xamppfiles/htdocs/policlinico/index.php, Line: 217
[2025-05-27 19:26:14] [WARNING] Undefined array key "valoracion" - File: /Applications/XAMPP/xamppfiles/htdocs/policlinico/index.php, Line: 218
[2025-05-27 19:26:14] [WARNING] Undefined array key "autor_nombre" - File: /Applications/XAMPP/xamppfiles/htdocs/policlinico/index.php, Line: 219
[2025-05-27 19:26:14] [WARNING] Undefined array key "texto" - File: /Applications/XAMPP/xamppfiles/htdocs/policlinico/index.php, Line: 217
[2025-05-27 19:26:14] [WARNING] Undefined array key "valoracion" - File: /Applications/XAMPP/xamppfiles/htdocs/policlinico/index.php, Line: 218
[2025-05-27 19:26:14] [WARNING] Undefined array key "autor_nombre" - File: /Applications/XAMPP/xamppfiles/htdocs/policlinico/index.php, Line: 219
[2025-05-27 19:26:14] [WARNING] Undefined array key "texto" - File: /Applications/XAMPP/xamppfiles/htdocs/policlinico/index.php, Line: 217
[2025-05-27 19:26:14] [WARNING] Undefined array key "valoracion" - File: /Applications/XAMPP/xamppfiles/htdocs/policlinico/index.php, Line: 218
[2025-05-27 19:26:14] [WARNING] Undefined array key "autor_nombre" - File: /Applications/XAMPP/xamppfiles/htdocs/policlinico/index.php, Line: 219
[2025-05-27 19:26:14] [WARNING] Undefined array key "texto" - File: /Applications/XAMPP/xamppfiles/htdocs/policlinico/index.php, Line: 217
[2025-05-27 19:26:14] [WARNING] Undefined array key "valoracion" - File: /Applications/XAMPP/xamppfiles/htdocs/policlinico/index.php, Line: 218
[2025-05-27 19:26:14] [WARNING] Undefined array key "autor_nombre" - File: /Applications/XAMPP/xamppfiles/htdocs/policlinico/index.php, Line: 219
[2025-05-27 19:26:18] [SHUTDOWN] Uncaught Error: Call to undefined function obtenerEspecies() in /Applications/XAMPP/xamppfiles/htdocs/policlinico/citas.php:280
Stack trace:
#0 {main}
  thrown - File: /Applications/XAMPP/xamppfiles/htdocs/policlinico/citas.php, Line: 280
[2025-05-27 19:27:17] [WARNING] Undefined array key "texto" - File: /Applications/XAMPP/xamppfiles/htdocs/policlinico/index.php, Line: 217
[2025-05-27 19:27:17] [WARNING] Undefined array key "valoracion" - File: /Applications/XAMPP/xamppfiles/htdocs/policlinico/index.php, Line: 218
[2025-05-27 19:27:17] [WARNING] Undefined array key "autor_nombre" - File: /Applications/XAMPP/xamppfiles/htdocs/policlinico/index.php, Line: 219
[2025-05-27 19:27:17] [WARNING] Undefined array key "texto" - File: /Applications/XAMPP/xamppfiles/htdocs/policlinico/index.php, Line: 217
[2025-05-27 19:27:17] [WARNING] Undefined array key "valoracion" - File: /Applications/XAMPP/xamppfiles/htdocs/policlinico/index.php, Line: 218
[2025-05-27 19:27:17] [WARNING] Undefined array key "autor_nombre" - File: /Applications/XAMPP/xamppfiles/htdocs/policlinico/index.php, Line: 219
[2025-05-27 19:27:17] [WARNING] Undefined array key "texto" - File: /Applications/XAMPP/xamppfiles/htdocs/policlinico/index.php, Line: 217
[2025-05-27 19:27:17] [WARNING] Undefined array key "valoracion" - File: /Applications/XAMPP/xamppfiles/htdocs/policlinico/index.php, Line: 218
[2025-05-27 19:27:17] [WARNING] Undefined array key "autor_nombre" - File: /Applications/XAMPP/xamppfiles/htdocs/policlinico/index.php, Line: 219
[2025-05-27 19:27:17] [WARNING] Undefined array key "texto" - File: /Applications/XAMPP/xamppfiles/htdocs/policlinico/index.php, Line: 217
[2025-05-27 19:27:17] [WARNING] Undefined array key "valoracion" - File: /Applications/XAMPP/xamppfiles/htdocs/policlinico/index.php, Line: 218
[2025-05-27 19:27:17] [WARNING] Undefined array key "autor_nombre" - File: /Applications/XAMPP/xamppfiles/htdocs/policlinico/index.php, Line: 219
[2025-05-27 19:32:48] [WARNING] Undefined array key "texto" - File: /Applications/XAMPP/xamppfiles/htdocs/policlinico/index.php, Line: 217
[2025-05-27 19:32:48] [WARNING] Undefined array key "valoracion" - File: /Applications/XAMPP/xamppfiles/htdocs/policlinico/index.php, Line: 218
[2025-05-27 19:32:48] [WARNING] Undefined array key "autor_nombre" - File: /Applications/XAMPP/xamppfiles/htdocs/policlinico/index.php, Line: 219
[2025-05-27 19:32:48] [WARNING] Undefined array key "texto" - File: /Applications/XAMPP/xamppfiles/htdocs/policlinico/index.php, Line: 217
[2025-05-27 19:32:48] [WARNING] Undefined array key "valoracion" - File: /Applications/XAMPP/xamppfiles/htdocs/policlinico/index.php, Line: 218
[2025-05-27 19:32:48] [WARNING] Undefined array key "autor_nombre" - File: /Applications/XAMPP/xamppfiles/htdocs/policlinico/index.php, Line: 219
[2025-05-27 19:32:48] [WARNING] Undefined array key "texto" - File: /Applications/XAMPP/xamppfiles/htdocs/policlinico/index.php, Line: 217
[2025-05-27 19:32:48] [WARNING] Undefined array key "valoracion" - File: /Applications/XAMPP/xamppfiles/htdocs/policlinico/index.php, Line: 218
[2025-05-27 19:32:48] [WARNING] Undefined array key "autor_nombre" - File: /Applications/XAMPP/xamppfiles/htdocs/policlinico/index.php, Line: 219
[2025-05-27 19:32:48] [WARNING] Undefined array key "texto" - File: /Applications/XAMPP/xamppfiles/htdocs/policlinico/index.php, Line: 217
[2025-05-27 19:32:48] [WARNING] Undefined array key "valoracion" - File: /Applications/XAMPP/xamppfiles/htdocs/policlinico/index.php, Line: 218
[2025-05-27 19:32:48] [WARNING] Undefined array key "autor_nombre" - File: /Applications/XAMPP/xamppfiles/htdocs/policlinico/index.php, Line: 219
[2025-05-27 19:33:32] [WARNING] Undefined array key "texto" - File: /Applications/XAMPP/xamppfiles/htdocs/policlinico/index.php, Line: 217
[2025-05-27 19:33:32] [WARNING] Undefined array key "valoracion" - File: /Applications/XAMPP/xamppfiles/htdocs/policlinico/index.php, Line: 218
[2025-05-27 19:33:32] [WARNING] Undefined array key "autor_nombre" - File: /Applications/XAMPP/xamppfiles/htdocs/policlinico/index.php, Line: 219
[2025-05-27 19:33:32] [WARNING] Undefined array key "texto" - File: /Applications/XAMPP/xamppfiles/htdocs/policlinico/index.php, Line: 217
[2025-05-27 19:33:32] [WARNING] Undefined array key "valoracion" - File: /Applications/XAMPP/xamppfiles/htdocs/policlinico/index.php, Line: 218
[2025-05-27 19:33:32] [WARNING] Undefined array key "autor_nombre" - File: /Applications/XAMPP/xamppfiles/htdocs/policlinico/index.php, Line: 219
[2025-05-27 19:33:32] [WARNING] Undefined array key "texto" - File: /Applications/XAMPP/xamppfiles/htdocs/policlinico/index.php, Line: 217
[2025-05-27 19:33:32] [WARNING] Undefined array key "valoracion" - File: /Applications/XAMPP/xamppfiles/htdocs/policlinico/index.php, Line: 218
[2025-05-27 19:33:32] [WARNING] Undefined array key "autor_nombre" - File: /Applications/XAMPP/xamppfiles/htdocs/policlinico/index.php, Line: 219
[2025-05-27 19:33:32] [WARNING] Undefined array key "texto" - File: /Applications/XAMPP/xamppfiles/htdocs/policlinico/index.php, Line: 217
[2025-05-27 19:33:32] [WARNING] Undefined array key "valoracion" - File: /Applications/XAMPP/xamppfiles/htdocs/policlinico/index.php, Line: 218
[2025-05-27 19:33:32] [WARNING] Undefined array key "autor_nombre" - File: /Applications/XAMPP/xamppfiles/htdocs/policlinico/index.php, Line: 219
[2025-05-27 19:34:05] [WARNING] Undefined array key "texto" - File: /Applications/XAMPP/xamppfiles/htdocs/policlinico/index.php, Line: 217
[2025-05-27 19:34:05] [WARNING] Undefined array key "valoracion" - File: /Applications/XAMPP/xamppfiles/htdocs/policlinico/index.php, Line: 218
[2025-05-27 19:34:05] [WARNING] Undefined array key "autor_nombre" - File: /Applications/XAMPP/xamppfiles/htdocs/policlinico/index.php, Line: 219
[2025-05-27 19:34:05] [WARNING] Undefined array key "texto" - File: /Applications/XAMPP/xamppfiles/htdocs/policlinico/index.php, Line: 217
[2025-05-27 19:34:05] [WARNING] Undefined array key "valoracion" - File: /Applications/XAMPP/xamppfiles/htdocs/policlinico/index.php, Line: 218
[2025-05-27 19:34:05] [WARNING] Undefined array key "autor_nombre" - File: /Applications/XAMPP/xamppfiles/htdocs/policlinico/index.php, Line: 219
[2025-05-27 19:34:05] [WARNING] Undefined array key "texto" - File: /Applications/XAMPP/xamppfiles/htdocs/policlinico/index.php, Line: 217
[2025-05-27 19:34:05] [WARNING] Undefined array key "valoracion" - File: /Applications/XAMPP/xamppfiles/htdocs/policlinico/index.php, Line: 218
[2025-05-27 19:34:05] [WARNING] Undefined array key "autor_nombre" - File: /Applications/XAMPP/xamppfiles/htdocs/policlinico/index.php, Line: 219
[2025-05-27 19:34:05] [WARNING] Undefined array key "texto" - File: /Applications/XAMPP/xamppfiles/htdocs/policlinico/index.php, Line: 217
[2025-05-27 19:34:05] [WARNING] Undefined array key "valoracion" - File: /Applications/XAMPP/xamppfiles/htdocs/policlinico/index.php, Line: 218
[2025-05-27 19:34:05] [WARNING] Undefined array key "autor_nombre" - File: /Applications/XAMPP/xamppfiles/htdocs/policlinico/index.php, Line: 219
[2025-05-27 19:34:16] [WARNING] Undefined array key "texto" - File: /Applications/XAMPP/xamppfiles/htdocs/policlinico/index.php, Line: 217
[2025-05-27 19:34:16] [WARNING] Undefined array key "valoracion" - File: /Applications/XAMPP/xamppfiles/htdocs/policlinico/index.php, Line: 218
[2025-05-27 19:34:16] [WARNING] Undefined array key "autor_nombre" - File: /Applications/XAMPP/xamppfiles/htdocs/policlinico/index.php, Line: 219
[2025-05-27 19:34:16] [WARNING] Undefined array key "texto" - File: /Applications/XAMPP/xamppfiles/htdocs/policlinico/index.php, Line: 217
[2025-05-27 19:34:16] [WARNING] Undefined array key "valoracion" - File: /Applications/XAMPP/xamppfiles/htdocs/policlinico/index.php, Line: 218
[2025-05-27 19:34:16] [WARNING] Undefined array key "autor_nombre" - File: /Applications/XAMPP/xamppfiles/htdocs/policlinico/index.php, Line: 219
[2025-05-27 19:34:16] [WARNING] Undefined array key "texto" - File: /Applications/XAMPP/xamppfiles/htdocs/policlinico/index.php, Line: 217
[2025-05-27 19:34:16] [WARNING] Undefined array key "valoracion" - File: /Applications/XAMPP/xamppfiles/htdocs/policlinico/index.php, Line: 218
[2025-05-27 19:34:16] [WARNING] Undefined array key "autor_nombre" - File: /Applications/XAMPP/xamppfiles/htdocs/policlinico/index.php, Line: 219
[2025-05-27 19:34:16] [WARNING] Undefined array key "texto" - File: /Applications/XAMPP/xamppfiles/htdocs/policlinico/index.php, Line: 217
[2025-05-27 19:34:16] [WARNING] Undefined array key "valoracion" - File: /Applications/XAMPP/xamppfiles/htdocs/policlinico/index.php, Line: 218
[2025-05-27 19:34:16] [WARNING] Undefined array key "autor_nombre" - File: /Applications/XAMPP/xamppfiles/htdocs/policlinico/index.php, Line: 219
[2025-05-27 19:36:13] [WARNING] Undefined array key "texto" - File: /Applications/XAMPP/xamppfiles/htdocs/policlinico/index.php, Line: 217
[2025-05-27 19:36:13] [WARNING] Undefined array key "valoracion" - File: /Applications/XAMPP/xamppfiles/htdocs/policlinico/index.php, Line: 218
[2025-05-27 19:36:13] [WARNING] Undefined array key "autor_nombre" - File: /Applications/XAMPP/xamppfiles/htdocs/policlinico/index.php, Line: 219
[2025-05-27 19:36:13] [WARNING] Undefined array key "texto" - File: /Applications/XAMPP/xamppfiles/htdocs/policlinico/index.php, Line: 217
[2025-05-27 19:36:13] [WARNING] Undefined array key "valoracion" - File: /Applications/XAMPP/xamppfiles/htdocs/policlinico/index.php, Line: 218
[2025-05-27 19:36:13] [WARNING] Undefined array key "autor_nombre" - File: /Applications/XAMPP/xamppfiles/htdocs/policlinico/index.php, Line: 219
[2025-05-27 19:36:13] [WARNING] Undefined array key "texto" - File: /Applications/XAMPP/xamppfiles/htdocs/policlinico/index.php, Line: 217
[2025-05-27 19:36:13] [WARNING] Undefined array key "valoracion" - File: /Applications/XAMPP/xamppfiles/htdocs/policlinico/index.php, Line: 218
[2025-05-27 19:36:13] [WARNING] Undefined array key "autor_nombre" - File: /Applications/XAMPP/xamppfiles/htdocs/policlinico/index.php, Line: 219
[2025-05-27 19:36:13] [WARNING] Undefined array key "texto" - File: /Applications/XAMPP/xamppfiles/htdocs/policlinico/index.php, Line: 217
[2025-05-27 19:36:13] [WARNING] Undefined array key "valoracion" - File: /Applications/XAMPP/xamppfiles/htdocs/policlinico/index.php, Line: 218
[2025-05-27 19:36:13] [WARNING] Undefined array key "autor_nombre" - File: /Applications/XAMPP/xamppfiles/htdocs/policlinico/index.php, Line: 219
[2025-05-27 19:38:34] [WARNING] Undefined array key "texto" - File: /Applications/XAMPP/xamppfiles/htdocs/policlinico/index.php, Line: 217
[2025-05-27 19:38:34] [WARNING] Undefined array key "valoracion" - File: /Applications/XAMPP/xamppfiles/htdocs/policlinico/index.php, Line: 218
[2025-05-27 19:38:34] [WARNING] Undefined array key "autor_nombre" - File: /Applications/XAMPP/xamppfiles/htdocs/policlinico/index.php, Line: 219
[2025-05-27 19:38:34] [WARNING] Undefined array key "texto" - File: /Applications/XAMPP/xamppfiles/htdocs/policlinico/index.php, Line: 217
[2025-05-27 19:38:34] [WARNING] Undefined array key "valoracion" - File: /Applications/XAMPP/xamppfiles/htdocs/policlinico/index.php, Line: 218
[2025-05-27 19:38:34] [WARNING] Undefined array key "autor_nombre" - File: /Applications/XAMPP/xamppfiles/htdocs/policlinico/index.php, Line: 219
[2025-05-27 19:38:34] [WARNING] Undefined array key "texto" - File: /Applications/XAMPP/xamppfiles/htdocs/policlinico/index.php, Line: 217
[2025-05-27 19:38:34] [WARNING] Undefined array key "valoracion" - File: /Applications/XAMPP/xamppfiles/htdocs/policlinico/index.php, Line: 218
[2025-05-27 19:38:34] [WARNING] Undefined array key "autor_nombre" - File: /Applications/XAMPP/xamppfiles/htdocs/policlinico/index.php, Line: 219
[2025-05-27 19:38:34] [WARNING] Undefined array key "texto" - File: /Applications/XAMPP/xamppfiles/htdocs/policlinico/index.php, Line: 217
[2025-05-27 19:38:34] [WARNING] Undefined array key "valoracion" - File: /Applications/XAMPP/xamppfiles/htdocs/policlinico/index.php, Line: 218
[2025-05-27 19:38:34] [WARNING] Undefined array key "autor_nombre" - File: /Applications/XAMPP/xamppfiles/htdocs/policlinico/index.php, Line: 219
[2025-05-27 19:38:35] [WARNING] Undefined array key "texto" - File: /Applications/XAMPP/xamppfiles/htdocs/policlinico/index.php, Line: 217
[2025-05-27 19:38:35] [WARNING] Undefined array key "valoracion" - File: /Applications/XAMPP/xamppfiles/htdocs/policlinico/index.php, Line: 218
[2025-05-27 19:38:35] [WARNING] Undefined array key "autor_nombre" - File: /Applications/XAMPP/xamppfiles/htdocs/policlinico/index.php, Line: 219
[2025-05-27 19:38:35] [WARNING] Undefined array key "texto" - File: /Applications/XAMPP/xamppfiles/htdocs/policlinico/index.php, Line: 217
[2025-05-27 19:38:35] [WARNING] Undefined array key "valoracion" - File: /Applications/XAMPP/xamppfiles/htdocs/policlinico/index.php, Line: 218
[2025-05-27 19:38:35] [WARNING] Undefined array key "autor_nombre" - File: /Applications/XAMPP/xamppfiles/htdocs/policlinico/index.php, Line: 219
[2025-05-27 19:38:35] [WARNING] Undefined array key "texto" - File: /Applications/XAMPP/xamppfiles/htdocs/policlinico/index.php, Line: 217
[2025-05-27 19:38:35] [WARNING] Undefined array key "valoracion" - File: /Applications/XAMPP/xamppfiles/htdocs/policlinico/index.php, Line: 218
[2025-05-27 19:38:35] [WARNING] Undefined array key "autor_nombre" - File: /Applications/XAMPP/xamppfiles/htdocs/policlinico/index.php, Line: 219
[2025-05-27 19:38:35] [WARNING] Undefined array key "texto" - File: /Applications/XAMPP/xamppfiles/htdocs/policlinico/index.php, Line: 217
[2025-05-27 19:38:35] [WARNING] Undefined array key "valoracion" - File: /Applications/XAMPP/xamppfiles/htdocs/policlinico/index.php, Line: 218
[2025-05-27 19:38:35] [WARNING] Undefined array key "autor_nombre" - File: /Applications/XAMPP/xamppfiles/htdocs/policlinico/index.php, Line: 219
[2025-05-27 19:40:31] [WARNING] Undefined array key "texto" - File: /Applications/XAMPP/xamppfiles/htdocs/policlinico/index.php, Line: 217
[2025-05-27 19:40:31] [WARNING] Undefined array key "valoracion" - File: /Applications/XAMPP/xamppfiles/htdocs/policlinico/index.php, Line: 218
[2025-05-27 19:40:31] [WARNING] Undefined array key "autor_nombre" - File: /Applications/XAMPP/xamppfiles/htdocs/policlinico/index.php, Line: 219
[2025-05-27 19:40:31] [WARNING] Undefined array key "texto" - File: /Applications/XAMPP/xamppfiles/htdocs/policlinico/index.php, Line: 217
[2025-05-27 19:40:31] [WARNING] Undefined array key "valoracion" - File: /Applications/XAMPP/xamppfiles/htdocs/policlinico/index.php, Line: 218
[2025-05-27 19:40:31] [WARNING] Undefined array key "autor_nombre" - File: /Applications/XAMPP/xamppfiles/htdocs/policlinico/index.php, Line: 219
[2025-05-27 19:40:31] [WARNING] Undefined array key "texto" - File: /Applications/XAMPP/xamppfiles/htdocs/policlinico/index.php, Line: 217
[2025-05-27 19:40:31] [WARNING] Undefined array key "valoracion" - File: /Applications/XAMPP/xamppfiles/htdocs/policlinico/index.php, Line: 218
[2025-05-27 19:40:31] [WARNING] Undefined array key "autor_nombre" - File: /Applications/XAMPP/xamppfiles/htdocs/policlinico/index.php, Line: 219
[2025-05-27 19:40:31] [WARNING] Undefined array key "texto" - File: /Applications/XAMPP/xamppfiles/htdocs/policlinico/index.php, Line: 217
[2025-05-27 19:40:31] [WARNING] Undefined array key "valoracion" - File: /Applications/XAMPP/xamppfiles/htdocs/policlinico/index.php, Line: 218
[2025-05-27 19:40:31] [WARNING] Undefined array key "autor_nombre" - File: /Applications/XAMPP/xamppfiles/htdocs/policlinico/index.php, Line: 219
[2025-05-27 19:40:41] [WARNING] Undefined array key "texto" - File: /Applications/XAMPP/xamppfiles/htdocs/policlinico/index.php, Line: 217
[2025-05-27 19:40:41] [WARNING] Undefined array key "valoracion" - File: /Applications/XAMPP/xamppfiles/htdocs/policlinico/index.php, Line: 218
[2025-05-27 19:40:41] [WARNING] Undefined array key "autor_nombre" - File: /Applications/XAMPP/xamppfiles/htdocs/policlinico/index.php, Line: 219
[2025-05-27 19:40:41] [WARNING] Undefined array key "texto" - File: /Applications/XAMPP/xamppfiles/htdocs/policlinico/index.php, Line: 217
[2025-05-27 19:40:41] [WARNING] Undefined array key "valoracion" - File: /Applications/XAMPP/xamppfiles/htdocs/policlinico/index.php, Line: 218
[2025-05-27 19:40:41] [WARNING] Undefined array key "autor_nombre" - File: /Applications/XAMPP/xamppfiles/htdocs/policlinico/index.php, Line: 219
[2025-05-27 19:40:41] [WARNING] Undefined array key "texto" - File: /Applications/XAMPP/xamppfiles/htdocs/policlinico/index.php, Line: 217
[2025-05-27 19:40:41] [WARNING] Undefined array key "valoracion" - File: /Applications/XAMPP/xamppfiles/htdocs/policlinico/index.php, Line: 218
[2025-05-27 19:40:41] [WARNING] Undefined array key "autor_nombre" - File: /Applications/XAMPP/xamppfiles/htdocs/policlinico/index.php, Line: 219
[2025-05-27 19:40:41] [WARNING] Undefined array key "texto" - File: /Applications/XAMPP/xamppfiles/htdocs/policlinico/index.php, Line: 217
[2025-05-27 19:40:41] [WARNING] Undefined array key "valoracion" - File: /Applications/XAMPP/xamppfiles/htdocs/policlinico/index.php, Line: 218
[2025-05-27 19:40:41] [WARNING] Undefined array key "autor_nombre" - File: /Applications/XAMPP/xamppfiles/htdocs/policlinico/index.php, Line: 219
[2025-05-27 19:43:07] [WARNING] Undefined array key "texto" - File: /Applications/XAMPP/xamppfiles/htdocs/policlinico/index.php, Line: 217
[2025-05-27 19:43:07] [WARNING] Undefined array key "valoracion" - File: /Applications/XAMPP/xamppfiles/htdocs/policlinico/index.php, Line: 218
[2025-05-27 19:43:07] [WARNING] Undefined array key "autor_nombre" - File: /Applications/XAMPP/xamppfiles/htdocs/policlinico/index.php, Line: 219
[2025-05-27 19:43:07] [WARNING] Undefined array key "texto" - File: /Applications/XAMPP/xamppfiles/htdocs/policlinico/index.php, Line: 217
[2025-05-27 19:43:07] [WARNING] Undefined array key "valoracion" - File: /Applications/XAMPP/xamppfiles/htdocs/policlinico/index.php, Line: 218
[2025-05-27 19:43:07] [WARNING] Undefined array key "autor_nombre" - File: /Applications/XAMPP/xamppfiles/htdocs/policlinico/index.php, Line: 219
[2025-05-27 19:43:07] [WARNING] Undefined array key "texto" - File: /Applications/XAMPP/xamppfiles/htdocs/policlinico/index.php, Line: 217
[2025-05-27 19:43:07] [WARNING] Undefined array key "valoracion" - File: /Applications/XAMPP/xamppfiles/htdocs/policlinico/index.php, Line: 218
[2025-05-27 19:43:07] [WARNING] Undefined array key "autor_nombre" - File: /Applications/XAMPP/xamppfiles/htdocs/policlinico/index.php, Line: 219
[2025-05-27 19:43:07] [WARNING] Undefined array key "texto" - File: /Applications/XAMPP/xamppfiles/htdocs/policlinico/index.php, Line: 217
[2025-05-27 19:43:07] [WARNING] Undefined array key "valoracion" - File: /Applications/XAMPP/xamppfiles/htdocs/policlinico/index.php, Line: 218
[2025-05-27 19:43:07] [WARNING] Undefined array key "autor_nombre" - File: /Applications/XAMPP/xamppfiles/htdocs/policlinico/index.php, Line: 219
[2025-05-27 19:48:30] [WARNING] Undefined array key "texto" - File: /Applications/XAMPP/xamppfiles/htdocs/policlinico/index.php, Line: 217
[2025-05-27 19:48:30] [WARNING] Undefined array key "valoracion" - File: /Applications/XAMPP/xamppfiles/htdocs/policlinico/index.php, Line: 218
[2025-05-27 19:48:30] [WARNING] Undefined array key "autor_nombre" - File: /Applications/XAMPP/xamppfiles/htdocs/policlinico/index.php, Line: 219
[2025-05-27 19:48:30] [WARNING] Undefined array key "texto" - File: /Applications/XAMPP/xamppfiles/htdocs/policlinico/index.php, Line: 217
[2025-05-27 19:48:30] [WARNING] Undefined array key "valoracion" - File: /Applications/XAMPP/xamppfiles/htdocs/policlinico/index.php, Line: 218
[2025-05-27 19:48:30] [WARNING] Undefined array key "autor_nombre" - File: /Applications/XAMPP/xamppfiles/htdocs/policlinico/index.php, Line: 219
[2025-05-27 19:48:30] [WARNING] Undefined array key "texto" - File: /Applications/XAMPP/xamppfiles/htdocs/policlinico/index.php, Line: 217
[2025-05-27 19:48:30] [WARNING] Undefined array key "valoracion" - File: /Applications/XAMPP/xamppfiles/htdocs/policlinico/index.php, Line: 218
[2025-05-27 19:48:30] [WARNING] Undefined array key "autor_nombre" - File: /Applications/XAMPP/xamppfiles/htdocs/policlinico/index.php, Line: 219
[2025-05-27 19:48:30] [WARNING] Undefined array key "texto" - File: /Applications/XAMPP/xamppfiles/htdocs/policlinico/index.php, Line: 217
[2025-05-27 19:48:30] [WARNING] Undefined array key "valoracion" - File: /Applications/XAMPP/xamppfiles/htdocs/policlinico/index.php, Line: 218
[2025-05-27 19:48:30] [WARNING] Undefined array key "autor_nombre" - File: /Applications/XAMPP/xamppfiles/htdocs/policlinico/index.php, Line: 219
[2025-05-27 19:50:33] [WARNING] Undefined array key "texto" - File: /Applications/XAMPP/xamppfiles/htdocs/policlinico/index.php, Line: 217
[2025-05-27 19:50:33] [WARNING] Undefined array key "valoracion" - File: /Applications/XAMPP/xamppfiles/htdocs/policlinico/index.php, Line: 218
[2025-05-27 19:50:33] [WARNING] Undefined array key "autor_nombre" - File: /Applications/XAMPP/xamppfiles/htdocs/policlinico/index.php, Line: 219
[2025-05-27 19:50:33] [WARNING] Undefined array key "texto" - File: /Applications/XAMPP/xamppfiles/htdocs/policlinico/index.php, Line: 217
[2025-05-27 19:50:33] [WARNING] Undefined array key "valoracion" - File: /Applications/XAMPP/xamppfiles/htdocs/policlinico/index.php, Line: 218
[2025-05-27 19:50:33] [WARNING] Undefined array key "autor_nombre" - File: /Applications/XAMPP/xamppfiles/htdocs/policlinico/index.php, Line: 219
[2025-05-27 19:50:33] [WARNING] Undefined array key "texto" - File: /Applications/XAMPP/xamppfiles/htdocs/policlinico/index.php, Line: 217
[2025-05-27 19:50:33] [WARNING] Undefined array key "valoracion" - File: /Applications/XAMPP/xamppfiles/htdocs/policlinico/index.php, Line: 218
[2025-05-27 19:50:33] [WARNING] Undefined array key "autor_nombre" - File: /Applications/XAMPP/xamppfiles/htdocs/policlinico/index.php, Line: 219
[2025-05-27 19:50:33] [WARNING] Undefined array key "texto" - File: /Applications/XAMPP/xamppfiles/htdocs/policlinico/index.php, Line: 217
[2025-05-27 19:50:33] [WARNING] Undefined array key "valoracion" - File: /Applications/XAMPP/xamppfiles/htdocs/policlinico/index.php, Line: 218
[2025-05-27 19:50:33] [WARNING] Undefined array key "autor_nombre" - File: /Applications/XAMPP/xamppfiles/htdocs/policlinico/index.php, Line: 219
[2025-05-27 19:50:34] [WARNING] Undefined array key "texto" - File: /Applications/XAMPP/xamppfiles/htdocs/policlinico/index.php, Line: 217
[2025-05-27 19:50:34] [WARNING] Undefined array key "valoracion" - File: /Applications/XAMPP/xamppfiles/htdocs/policlinico/index.php, Line: 218
[2025-05-27 19:50:34] [WARNING] Undefined array key "autor_nombre" - File: /Applications/XAMPP/xamppfiles/htdocs/policlinico/index.php, Line: 219
[2025-05-27 19:50:34] [WARNING] Undefined array key "texto" - File: /Applications/XAMPP/xamppfiles/htdocs/policlinico/index.php, Line: 217
[2025-05-27 19:50:34] [WARNING] Undefined array key "valoracion" - File: /Applications/XAMPP/xamppfiles/htdocs/policlinico/index.php, Line: 218
[2025-05-27 19:50:34] [WARNING] Undefined array key "autor_nombre" - File: /Applications/XAMPP/xamppfiles/htdocs/policlinico/index.php, Line: 219
[2025-05-27 19:50:34] [WARNING] Undefined array key "texto" - File: /Applications/XAMPP/xamppfiles/htdocs/policlinico/index.php, Line: 217
[2025-05-27 19:50:34] [WARNING] Undefined array key "valoracion" - File: /Applications/XAMPP/xamppfiles/htdocs/policlinico/index.php, Line: 218
[2025-05-27 19:50:34] [WARNING] Undefined array key "autor_nombre" - File: /Applications/XAMPP/xamppfiles/htdocs/policlinico/index.php, Line: 219
[2025-05-27 19:50:34] [WARNING] Undefined array key "texto" - File: /Applications/XAMPP/xamppfiles/htdocs/policlinico/index.php, Line: 217
[2025-05-27 19:50:34] [WARNING] Undefined array key "valoracion" - File: /Applications/XAMPP/xamppfiles/htdocs/policlinico/index.php, Line: 218
[2025-05-27 19:50:34] [WARNING] Undefined array key "autor_nombre" - File: /Applications/XAMPP/xamppfiles/htdocs/policlinico/index.php, Line: 219
[2025-05-27 19:50:35] [WARNING] Undefined array key "texto" - File: /Applications/XAMPP/xamppfiles/htdocs/policlinico/index.php, Line: 217
[2025-05-27 19:50:35] [WARNING] Undefined array key "valoracion" - File: /Applications/XAMPP/xamppfiles/htdocs/policlinico/index.php, Line: 218
[2025-05-27 19:50:35] [WARNING] Undefined array key "autor_nombre" - File: /Applications/XAMPP/xamppfiles/htdocs/policlinico/index.php, Line: 219
[2025-05-27 19:50:35] [WARNING] Undefined array key "texto" - File: /Applications/XAMPP/xamppfiles/htdocs/policlinico/index.php, Line: 217
[2025-05-27 19:50:35] [WARNING] Undefined array key "valoracion" - File: /Applications/XAMPP/xamppfiles/htdocs/policlinico/index.php, Line: 218
[2025-05-27 19:50:35] [WARNING] Undefined array key "autor_nombre" - File: /Applications/XAMPP/xamppfiles/htdocs/policlinico/index.php, Line: 219
[2025-05-27 19:50:35] [WARNING] Undefined array key "texto" - File: /Applications/XAMPP/xamppfiles/htdocs/policlinico/index.php, Line: 217
[2025-05-27 19:50:35] [WARNING] Undefined array key "valoracion" - File: /Applications/XAMPP/xamppfiles/htdocs/policlinico/index.php, Line: 218
[2025-05-27 19:50:35] [WARNING] Undefined array key "autor_nombre" - File: /Applications/XAMPP/xamppfiles/htdocs/policlinico/index.php, Line: 219
[2025-05-27 19:50:35] [WARNING] Undefined array key "texto" - File: /Applications/XAMPP/xamppfiles/htdocs/policlinico/index.php, Line: 217
[2025-05-27 19:50:35] [WARNING] Undefined array key "valoracion" - File: /Applications/XAMPP/xamppfiles/htdocs/policlinico/index.php, Line: 218
[2025-05-27 19:50:35] [WARNING] Undefined array key "autor_nombre" - File: /Applications/XAMPP/xamppfiles/htdocs/policlinico/index.php, Line: 219
[2025-05-27 19:51:24] [WARNING] Undefined array key "texto" - File: /Applications/XAMPP/xamppfiles/htdocs/policlinico/index.php, Line: 217
[2025-05-27 19:51:24] [WARNING] Undefined array key "valoracion" - File: /Applications/XAMPP/xamppfiles/htdocs/policlinico/index.php, Line: 218
[2025-05-27 19:51:24] [WARNING] Undefined array key "autor_nombre" - File: /Applications/XAMPP/xamppfiles/htdocs/policlinico/index.php, Line: 219
[2025-05-27 19:51:24] [WARNING] Undefined array key "texto" - File: /Applications/XAMPP/xamppfiles/htdocs/policlinico/index.php, Line: 217
[2025-05-27 19:51:24] [WARNING] Undefined array key "valoracion" - File: /Applications/XAMPP/xamppfiles/htdocs/policlinico/index.php, Line: 218
[2025-05-27 19:51:24] [WARNING] Undefined array key "autor_nombre" - File: /Applications/XAMPP/xamppfiles/htdocs/policlinico/index.php, Line: 219
[2025-05-27 19:51:24] [WARNING] Undefined array key "texto" - File: /Applications/XAMPP/xamppfiles/htdocs/policlinico/index.php, Line: 217
[2025-05-27 19:51:24] [WARNING] Undefined array key "valoracion" - File: /Applications/XAMPP/xamppfiles/htdocs/policlinico/index.php, Line: 218
[2025-05-27 19:51:24] [WARNING] Undefined array key "autor_nombre" - File: /Applications/XAMPP/xamppfiles/htdocs/policlinico/index.php, Line: 219
[2025-05-27 19:51:24] [WARNING] Undefined array key "texto" - File: /Applications/XAMPP/xamppfiles/htdocs/policlinico/index.php, Line: 217
[2025-05-27 19:51:24] [WARNING] Undefined array key "valoracion" - File: /Applications/XAMPP/xamppfiles/htdocs/policlinico/index.php, Line: 218
[2025-05-27 19:51:24] [WARNING] Undefined array key "autor_nombre" - File: /Applications/XAMPP/xamppfiles/htdocs/policlinico/index.php, Line: 219
[2025-05-27 19:52:14] [WARNING] Undefined array key "texto" - File: /Applications/XAMPP/xamppfiles/htdocs/policlinico/index.php, Line: 217
[2025-05-27 19:52:14] [WARNING] Undefined array key "valoracion" - File: /Applications/XAMPP/xamppfiles/htdocs/policlinico/index.php, Line: 218
[2025-05-27 19:52:14] [WARNING] Undefined array key "autor_nombre" - File: /Applications/XAMPP/xamppfiles/htdocs/policlinico/index.php, Line: 219
[2025-05-27 19:52:14] [WARNING] Undefined array key "texto" - File: /Applications/XAMPP/xamppfiles/htdocs/policlinico/index.php, Line: 217
[2025-05-27 19:52:14] [WARNING] Undefined array key "valoracion" - File: /Applications/XAMPP/xamppfiles/htdocs/policlinico/index.php, Line: 218
[2025-05-27 19:52:14] [WARNING] Undefined array key "autor_nombre" - File: /Applications/XAMPP/xamppfiles/htdocs/policlinico/index.php, Line: 219
[2025-05-27 19:52:14] [WARNING] Undefined array key "texto" - File: /Applications/XAMPP/xamppfiles/htdocs/policlinico/index.php, Line: 217
[2025-05-27 19:52:14] [WARNING] Undefined array key "valoracion" - File: /Applications/XAMPP/xamppfiles/htdocs/policlinico/index.php, Line: 218
[2025-05-27 19:52:14] [WARNING] Undefined array key "autor_nombre" - File: /Applications/XAMPP/xamppfiles/htdocs/policlinico/index.php, Line: 219
[2025-05-27 19:52:14] [WARNING] Undefined array key "texto" - File: /Applications/XAMPP/xamppfiles/htdocs/policlinico/index.php, Line: 217
[2025-05-27 19:52:14] [WARNING] Undefined array key "valoracion" - File: /Applications/XAMPP/xamppfiles/htdocs/policlinico/index.php, Line: 218
[2025-05-27 19:52:14] [WARNING] Undefined array key "autor_nombre" - File: /Applications/XAMPP/xamppfiles/htdocs/policlinico/index.php, Line: 219
[2025-05-27 19:52:15] [WARNING] Undefined array key "texto" - File: /Applications/XAMPP/xamppfiles/htdocs/policlinico/index.php, Line: 217
[2025-05-27 19:52:15] [WARNING] Undefined array key "valoracion" - File: /Applications/XAMPP/xamppfiles/htdocs/policlinico/index.php, Line: 218
[2025-05-27 19:52:15] [WARNING] Undefined array key "autor_nombre" - File: /Applications/XAMPP/xamppfiles/htdocs/policlinico/index.php, Line: 219
[2025-05-27 19:52:15] [WARNING] Undefined array key "texto" - File: /Applications/XAMPP/xamppfiles/htdocs/policlinico/index.php, Line: 217
[2025-05-27 19:52:15] [WARNING] Undefined array key "valoracion" - File: /Applications/XAMPP/xamppfiles/htdocs/policlinico/index.php, Line: 218
[2025-05-27 19:52:15] [WARNING] Undefined array key "autor_nombre" - File: /Applications/XAMPP/xamppfiles/htdocs/policlinico/index.php, Line: 219
[2025-05-27 19:52:15] [WARNING] Undefined array key "texto" - File: /Applications/XAMPP/xamppfiles/htdocs/policlinico/index.php, Line: 217
[2025-05-27 19:52:15] [WARNING] Undefined array key "valoracion" - File: /Applications/XAMPP/xamppfiles/htdocs/policlinico/index.php, Line: 218
[2025-05-27 19:52:15] [WARNING] Undefined array key "autor_nombre" - File: /Applications/XAMPP/xamppfiles/htdocs/policlinico/index.php, Line: 219
[2025-05-27 19:52:15] [WARNING] Undefined array key "texto" - File: /Applications/XAMPP/xamppfiles/htdocs/policlinico/index.php, Line: 217
[2025-05-27 19:52:15] [WARNING] Undefined array key "valoracion" - File: /Applications/XAMPP/xamppfiles/htdocs/policlinico/index.php, Line: 218
[2025-05-27 19:52:15] [WARNING] Undefined array key "autor_nombre" - File: /Applications/XAMPP/xamppfiles/htdocs/policlinico/index.php, Line: 219
[2025-05-27 19:52:16] [WARNING] Undefined array key "texto" - File: /Applications/XAMPP/xamppfiles/htdocs/policlinico/index.php, Line: 217
[2025-05-27 19:52:16] [WARNING] Undefined array key "valoracion" - File: /Applications/XAMPP/xamppfiles/htdocs/policlinico/index.php, Line: 218
[2025-05-27 19:52:16] [WARNING] Undefined array key "autor_nombre" - File: /Applications/XAMPP/xamppfiles/htdocs/policlinico/index.php, Line: 219
[2025-05-27 19:52:16] [WARNING] Undefined array key "texto" - File: /Applications/XAMPP/xamppfiles/htdocs/policlinico/index.php, Line: 217
[2025-05-27 19:52:16] [WARNING] Undefined array key "valoracion" - File: /Applications/XAMPP/xamppfiles/htdocs/policlinico/index.php, Line: 218
[2025-05-27 19:52:16] [WARNING] Undefined array key "autor_nombre" - File: /Applications/XAMPP/xamppfiles/htdocs/policlinico/index.php, Line: 219
[2025-05-27 19:52:16] [WARNING] Undefined array key "texto" - File: /Applications/XAMPP/xamppfiles/htdocs/policlinico/index.php, Line: 217
[2025-05-27 19:52:16] [WARNING] Undefined array key "valoracion" - File: /Applications/XAMPP/xamppfiles/htdocs/policlinico/index.php, Line: 218
[2025-05-27 19:52:16] [WARNING] Undefined array key "autor_nombre" - File: /Applications/XAMPP/xamppfiles/htdocs/policlinico/index.php, Line: 219
[2025-05-27 19:52:16] [WARNING] Undefined array key "texto" - File: /Applications/XAMPP/xamppfiles/htdocs/policlinico/index.php, Line: 217
[2025-05-27 19:52:16] [WARNING] Undefined array key "valoracion" - File: /Applications/XAMPP/xamppfiles/htdocs/policlinico/index.php, Line: 218
[2025-05-27 19:52:16] [WARNING] Undefined array key "autor_nombre" - File: /Applications/XAMPP/xamppfiles/htdocs/policlinico/index.php, Line: 219
[2025-05-27 19:55:57] [WARNING] Undefined array key "texto" - File: /Applications/XAMPP/xamppfiles/htdocs/policlinico/index.php, Line: 217
[2025-05-27 19:55:57] [WARNING] Undefined array key "valoracion" - File: /Applications/XAMPP/xamppfiles/htdocs/policlinico/index.php, Line: 218
[2025-05-27 19:55:57] [WARNING] Undefined array key "autor_nombre" - File: /Applications/XAMPP/xamppfiles/htdocs/policlinico/index.php, Line: 219
[2025-05-27 19:55:57] [WARNING] Undefined array key "texto" - File: /Applications/XAMPP/xamppfiles/htdocs/policlinico/index.php, Line: 217
[2025-05-27 19:55:57] [WARNING] Undefined array key "valoracion" - File: /Applications/XAMPP/xamppfiles/htdocs/policlinico/index.php, Line: 218
[2025-05-27 19:55:57] [WARNING] Undefined array key "autor_nombre" - File: /Applications/XAMPP/xamppfiles/htdocs/policlinico/index.php, Line: 219
[2025-05-27 19:55:57] [WARNING] Undefined array key "texto" - File: /Applications/XAMPP/xamppfiles/htdocs/policlinico/index.php, Line: 217
[2025-05-27 19:55:57] [WARNING] Undefined array key "valoracion" - File: /Applications/XAMPP/xamppfiles/htdocs/policlinico/index.php, Line: 218
[2025-05-27 19:55:57] [WARNING] Undefined array key "autor_nombre" - File: /Applications/XAMPP/xamppfiles/htdocs/policlinico/index.php, Line: 219
[2025-05-27 19:55:57] [WARNING] Undefined array key "texto" - File: /Applications/XAMPP/xamppfiles/htdocs/policlinico/index.php, Line: 217
[2025-05-27 19:55:57] [WARNING] Undefined array key "valoracion" - File: /Applications/XAMPP/xamppfiles/htdocs/policlinico/index.php, Line: 218
[2025-05-27 19:55:57] [WARNING] Undefined array key "autor_nombre" - File: /Applications/XAMPP/xamppfiles/htdocs/policlinico/index.php, Line: 219
[2025-05-27 19:55:58] [WARNING] Undefined array key "texto" - File: /Applications/XAMPP/xamppfiles/htdocs/policlinico/index.php, Line: 217
[2025-05-27 19:55:58] [WARNING] Undefined array key "valoracion" - File: /Applications/XAMPP/xamppfiles/htdocs/policlinico/index.php, Line: 218
[2025-05-27 19:55:58] [WARNING] Undefined array key "autor_nombre" - File: /Applications/XAMPP/xamppfiles/htdocs/policlinico/index.php, Line: 219
[2025-05-27 19:55:58] [WARNING] Undefined array key "texto" - File: /Applications/XAMPP/xamppfiles/htdocs/policlinico/index.php, Line: 217
[2025-05-27 19:55:58] [WARNING] Undefined array key "valoracion" - File: /Applications/XAMPP/xamppfiles/htdocs/policlinico/index.php, Line: 218
[2025-05-27 19:55:58] [WARNING] Undefined array key "autor_nombre" - File: /Applications/XAMPP/xamppfiles/htdocs/policlinico/index.php, Line: 219
[2025-05-27 19:55:58] [WARNING] Undefined array key "texto" - File: /Applications/XAMPP/xamppfiles/htdocs/policlinico/index.php, Line: 217
[2025-05-27 19:55:58] [WARNING] Undefined array key "valoracion" - File: /Applications/XAMPP/xamppfiles/htdocs/policlinico/index.php, Line: 218
[2025-05-27 19:55:58] [WARNING] Undefined array key "autor_nombre" - File: /Applications/XAMPP/xamppfiles/htdocs/policlinico/index.php, Line: 219
[2025-05-27 19:55:58] [WARNING] Undefined array key "texto" - File: /Applications/XAMPP/xamppfiles/htdocs/policlinico/index.php, Line: 217
[2025-05-27 19:55:58] [WARNING] Undefined array key "valoracion" - File: /Applications/XAMPP/xamppfiles/htdocs/policlinico/index.php, Line: 218
[2025-05-27 19:55:58] [WARNING] Undefined array key "autor_nombre" - File: /Applications/XAMPP/xamppfiles/htdocs/policlinico/index.php, Line: 219
[2025-05-27 19:56:15] [WARNING] Undefined array key "texto" - File: /Applications/XAMPP/xamppfiles/htdocs/policlinico/index.php, Line: 217
[2025-05-27 19:56:15] [WARNING] Undefined array key "valoracion" - File: /Applications/XAMPP/xamppfiles/htdocs/policlinico/index.php, Line: 218
[2025-05-27 19:56:15] [WARNING] Undefined array key "autor_nombre" - File: /Applications/XAMPP/xamppfiles/htdocs/policlinico/index.php, Line: 219
[2025-05-27 19:56:15] [WARNING] Undefined array key "texto" - File: /Applications/XAMPP/xamppfiles/htdocs/policlinico/index.php, Line: 217
[2025-05-27 19:56:15] [WARNING] Undefined array key "valoracion" - File: /Applications/XAMPP/xamppfiles/htdocs/policlinico/index.php, Line: 218
[2025-05-27 19:56:15] [WARNING] Undefined array key "autor_nombre" - File: /Applications/XAMPP/xamppfiles/htdocs/policlinico/index.php, Line: 219
[2025-05-27 19:56:15] [WARNING] Undefined array key "texto" - File: /Applications/XAMPP/xamppfiles/htdocs/policlinico/index.php, Line: 217
[2025-05-27 19:56:15] [WARNING] Undefined array key "valoracion" - File: /Applications/XAMPP/xamppfiles/htdocs/policlinico/index.php, Line: 218
[2025-05-27 19:56:15] [WARNING] Undefined array key "autor_nombre" - File: /Applications/XAMPP/xamppfiles/htdocs/policlinico/index.php, Line: 219
[2025-05-27 19:56:15] [WARNING] Undefined array key "texto" - File: /Applications/XAMPP/xamppfiles/htdocs/policlinico/index.php, Line: 217
[2025-05-27 19:56:15] [WARNING] Undefined array key "valoracion" - File: /Applications/XAMPP/xamppfiles/htdocs/policlinico/index.php, Line: 218
[2025-05-27 19:56:15] [WARNING] Undefined array key "autor_nombre" - File: /Applications/XAMPP/xamppfiles/htdocs/policlinico/index.php, Line: 219
[2025-05-27 19:56:16] [WARNING] Undefined array key "texto" - File: /Applications/XAMPP/xamppfiles/htdocs/policlinico/index.php, Line: 217
[2025-05-27 19:56:16] [WARNING] Undefined array key "valoracion" - File: /Applications/XAMPP/xamppfiles/htdocs/policlinico/index.php, Line: 218
[2025-05-27 19:56:16] [WARNING] Undefined array key "autor_nombre" - File: /Applications/XAMPP/xamppfiles/htdocs/policlinico/index.php, Line: 219
[2025-05-27 19:56:16] [WARNING] Undefined array key "texto" - File: /Applications/XAMPP/xamppfiles/htdocs/policlinico/index.php, Line: 217
[2025-05-27 19:56:16] [WARNING] Undefined array key "valoracion" - File: /Applications/XAMPP/xamppfiles/htdocs/policlinico/index.php, Line: 218
[2025-05-27 19:56:16] [WARNING] Undefined array key "autor_nombre" - File: /Applications/XAMPP/xamppfiles/htdocs/policlinico/index.php, Line: 219
[2025-05-27 19:56:16] [WARNING] Undefined array key "texto" - File: /Applications/XAMPP/xamppfiles/htdocs/policlinico/index.php, Line: 217
[2025-05-27 19:56:16] [WARNING] Undefined array key "valoracion" - File: /Applications/XAMPP/xamppfiles/htdocs/policlinico/index.php, Line: 218
[2025-05-27 19:56:16] [WARNING] Undefined array key "autor_nombre" - File: /Applications/XAMPP/xamppfiles/htdocs/policlinico/index.php, Line: 219
[2025-05-27 19:56:16] [WARNING] Undefined array key "texto" - File: /Applications/XAMPP/xamppfiles/htdocs/policlinico/index.php, Line: 217
[2025-05-27 19:56:16] [WARNING] Undefined array key "valoracion" - File: /Applications/XAMPP/xamppfiles/htdocs/policlinico/index.php, Line: 218
[2025-05-27 19:56:16] [WARNING] Undefined array key "autor_nombre" - File: /Applications/XAMPP/xamppfiles/htdocs/policlinico/index.php, Line: 219
[2025-05-27 20:03:24] [WARNING] Undefined array key "texto" - File: /Applications/XAMPP/xamppfiles/htdocs/policlinico/index.php, Line: 217
[2025-05-27 20:03:24] [WARNING] Undefined array key "valoracion" - File: /Applications/XAMPP/xamppfiles/htdocs/policlinico/index.php, Line: 218
[2025-05-27 20:03:24] [WARNING] Undefined array key "autor_nombre" - File: /Applications/XAMPP/xamppfiles/htdocs/policlinico/index.php, Line: 219
[2025-05-27 20:03:24] [WARNING] Undefined array key "texto" - File: /Applications/XAMPP/xamppfiles/htdocs/policlinico/index.php, Line: 217
[2025-05-27 20:03:24] [WARNING] Undefined array key "valoracion" - File: /Applications/XAMPP/xamppfiles/htdocs/policlinico/index.php, Line: 218
[2025-05-27 20:03:24] [WARNING] Undefined array key "autor_nombre" - File: /Applications/XAMPP/xamppfiles/htdocs/policlinico/index.php, Line: 219
[2025-05-27 20:03:24] [WARNING] Undefined array key "texto" - File: /Applications/XAMPP/xamppfiles/htdocs/policlinico/index.php, Line: 217
[2025-05-27 20:03:24] [WARNING] Undefined array key "valoracion" - File: /Applications/XAMPP/xamppfiles/htdocs/policlinico/index.php, Line: 218
[2025-05-27 20:03:24] [WARNING] Undefined array key "autor_nombre" - File: /Applications/XAMPP/xamppfiles/htdocs/policlinico/index.php, Line: 219
[2025-05-27 20:03:24] [WARNING] Undefined array key "texto" - File: /Applications/XAMPP/xamppfiles/htdocs/policlinico/index.php, Line: 217
[2025-05-27 20:03:24] [WARNING] Undefined array key "valoracion" - File: /Applications/XAMPP/xamppfiles/htdocs/policlinico/index.php, Line: 218
[2025-05-27 20:03:24] [WARNING] Undefined array key "autor_nombre" - File: /Applications/XAMPP/xamppfiles/htdocs/policlinico/index.php, Line: 219
[2025-05-27 20:03:52] [WARNING] Undefined array key "texto" - File: /Applications/XAMPP/xamppfiles/htdocs/policlinico/index.php, Line: 217
[2025-05-27 20:03:52] [WARNING] Undefined array key "valoracion" - File: /Applications/XAMPP/xamppfiles/htdocs/policlinico/index.php, Line: 218
[2025-05-27 20:03:52] [WARNING] Undefined array key "autor_nombre" - File: /Applications/XAMPP/xamppfiles/htdocs/policlinico/index.php, Line: 219
[2025-05-27 20:03:52] [WARNING] Undefined array key "texto" - File: /Applications/XAMPP/xamppfiles/htdocs/policlinico/index.php, Line: 217
[2025-05-27 20:03:52] [WARNING] Undefined array key "valoracion" - File: /Applications/XAMPP/xamppfiles/htdocs/policlinico/index.php, Line: 218
[2025-05-27 20:03:52] [WARNING] Undefined array key "autor_nombre" - File: /Applications/XAMPP/xamppfiles/htdocs/policlinico/index.php, Line: 219
[2025-05-27 20:03:52] [WARNING] Undefined array key "texto" - File: /Applications/XAMPP/xamppfiles/htdocs/policlinico/index.php, Line: 217
[2025-05-27 20:03:52] [WARNING] Undefined array key "valoracion" - File: /Applications/XAMPP/xamppfiles/htdocs/policlinico/index.php, Line: 218
[2025-05-27 20:03:52] [WARNING] Undefined array key "autor_nombre" - File: /Applications/XAMPP/xamppfiles/htdocs/policlinico/index.php, Line: 219
[2025-05-27 20:03:52] [WARNING] Undefined array key "texto" - File: /Applications/XAMPP/xamppfiles/htdocs/policlinico/index.php, Line: 217
[2025-05-27 20:03:52] [WARNING] Undefined array key "valoracion" - File: /Applications/XAMPP/xamppfiles/htdocs/policlinico/index.php, Line: 218
[2025-05-27 20:03:52] [WARNING] Undefined array key "autor_nombre" - File: /Applications/XAMPP/xamppfiles/htdocs/policlinico/index.php, Line: 219
[2025-05-27 20:10:55] [WARNING] Undefined array key "texto" - File: /Applications/XAMPP/xamppfiles/htdocs/policlinico/index.php, Line: 217
[2025-05-27 20:10:55] [WARNING] Undefined array key "valoracion" - File: /Applications/XAMPP/xamppfiles/htdocs/policlinico/index.php, Line: 218
[2025-05-27 20:10:55] [WARNING] Undefined array key "autor_nombre" - File: /Applications/XAMPP/xamppfiles/htdocs/policlinico/index.php, Line: 219
[2025-05-27 20:10:55] [WARNING] Undefined array key "texto" - File: /Applications/XAMPP/xamppfiles/htdocs/policlinico/index.php, Line: 217
[2025-05-27 20:10:55] [WARNING] Undefined array key "valoracion" - File: /Applications/XAMPP/xamppfiles/htdocs/policlinico/index.php, Line: 218
[2025-05-27 20:10:55] [WARNING] Undefined array key "autor_nombre" - File: /Applications/XAMPP/xamppfiles/htdocs/policlinico/index.php, Line: 219
[2025-05-27 20:10:55] [WARNING] Undefined array key "texto" - File: /Applications/XAMPP/xamppfiles/htdocs/policlinico/index.php, Line: 217
[2025-05-27 20:10:55] [WARNING] Undefined array key "valoracion" - File: /Applications/XAMPP/xamppfiles/htdocs/policlinico/index.php, Line: 218
[2025-05-27 20:10:55] [WARNING] Undefined array key "autor_nombre" - File: /Applications/XAMPP/xamppfiles/htdocs/policlinico/index.php, Line: 219
[2025-05-27 20:10:55] [WARNING] Undefined array key "texto" - File: /Applications/XAMPP/xamppfiles/htdocs/policlinico/index.php, Line: 217
[2025-05-27 20:10:55] [WARNING] Undefined array key "valoracion" - File: /Applications/XAMPP/xamppfiles/htdocs/policlinico/index.php, Line: 218
[2025-05-27 20:10:55] [WARNING] Undefined array key "autor_nombre" - File: /Applications/XAMPP/xamppfiles/htdocs/policlinico/index.php, Line: 219
[2025-05-27 20:10:56] [WARNING] Undefined array key "texto" - File: /Applications/XAMPP/xamppfiles/htdocs/policlinico/index.php, Line: 217
[2025-05-27 20:10:56] [WARNING] Undefined array key "valoracion" - File: /Applications/XAMPP/xamppfiles/htdocs/policlinico/index.php, Line: 218
[2025-05-27 20:10:56] [WARNING] Undefined array key "autor_nombre" - File: /Applications/XAMPP/xamppfiles/htdocs/policlinico/index.php, Line: 219
[2025-05-27 20:10:56] [WARNING] Undefined array key "texto" - File: /Applications/XAMPP/xamppfiles/htdocs/policlinico/index.php, Line: 217
[2025-05-27 20:10:56] [WARNING] Undefined array key "valoracion" - File: /Applications/XAMPP/xamppfiles/htdocs/policlinico/index.php, Line: 218
[2025-05-27 20:10:56] [WARNING] Undefined array key "autor_nombre" - File: /Applications/XAMPP/xamppfiles/htdocs/policlinico/index.php, Line: 219
[2025-05-27 20:10:56] [WARNING] Undefined array key "texto" - File: /Applications/XAMPP/xamppfiles/htdocs/policlinico/index.php, Line: 217
[2025-05-27 20:10:56] [WARNING] Undefined array key "valoracion" - File: /Applications/XAMPP/xamppfiles/htdocs/policlinico/index.php, Line: 218
[2025-05-27 20:10:56] [WARNING] Undefined array key "autor_nombre" - File: /Applications/XAMPP/xamppfiles/htdocs/policlinico/index.php, Line: 219
[2025-05-27 20:10:56] [WARNING] Undefined array key "texto" - File: /Applications/XAMPP/xamppfiles/htdocs/policlinico/index.php, Line: 217
[2025-05-27 20:10:56] [WARNING] Undefined array key "valoracion" - File: /Applications/XAMPP/xamppfiles/htdocs/policlinico/index.php, Line: 218
[2025-05-27 20:10:56] [WARNING] Undefined array key "autor_nombre" - File: /Applications/XAMPP/xamppfiles/htdocs/policlinico/index.php, Line: 219
[2025-05-27 20:10:56] [WARNING] Undefined array key "texto" - File: /Applications/XAMPP/xamppfiles/htdocs/policlinico/index.php, Line: 217
[2025-05-27 20:10:56] [WARNING] Undefined array key "valoracion" - File: /Applications/XAMPP/xamppfiles/htdocs/policlinico/index.php, Line: 218
[2025-05-27 20:10:56] [WARNING] Undefined array key "autor_nombre" - File: /Applications/XAMPP/xamppfiles/htdocs/policlinico/index.php, Line: 219
[2025-05-27 20:10:56] [WARNING] Undefined array key "texto" - File: /Applications/XAMPP/xamppfiles/htdocs/policlinico/index.php, Line: 217
[2025-05-27 20:10:56] [WARNING] Undefined array key "valoracion" - File: /Applications/XAMPP/xamppfiles/htdocs/policlinico/index.php, Line: 218
[2025-05-27 20:10:56] [WARNING] Undefined array key "autor_nombre" - File: /Applications/XAMPP/xamppfiles/htdocs/policlinico/index.php, Line: 219
[2025-05-27 20:10:56] [WARNING] Undefined array key "texto" - File: /Applications/XAMPP/xamppfiles/htdocs/policlinico/index.php, Line: 217
[2025-05-27 20:10:56] [WARNING] Undefined array key "valoracion" - File: /Applications/XAMPP/xamppfiles/htdocs/policlinico/index.php, Line: 218
[2025-05-27 20:10:56] [WARNING] Undefined array key "autor_nombre" - File: /Applications/XAMPP/xamppfiles/htdocs/policlinico/index.php, Line: 219
[2025-05-27 20:10:56] [WARNING] Undefined array key "texto" - File: /Applications/XAMPP/xamppfiles/htdocs/policlinico/index.php, Line: 217
[2025-05-27 20:10:56] [WARNING] Undefined array key "valoracion" - File: /Applications/XAMPP/xamppfiles/htdocs/policlinico/index.php, Line: 218
[2025-05-27 20:10:56] [WARNING] Undefined array key "autor_nombre" - File: /Applications/XAMPP/xamppfiles/htdocs/policlinico/index.php, Line: 219
[2025-05-27 20:10:57] [WARNING] Undefined array key "texto" - File: /Applications/XAMPP/xamppfiles/htdocs/policlinico/index.php, Line: 217
[2025-05-27 20:10:57] [WARNING] Undefined array key "valoracion" - File: /Applications/XAMPP/xamppfiles/htdocs/policlinico/index.php, Line: 218
[2025-05-27 20:10:57] [WARNING] Undefined array key "autor_nombre" - File: /Applications/XAMPP/xamppfiles/htdocs/policlinico/index.php, Line: 219
[2025-05-27 20:10:57] [WARNING] Undefined array key "texto" - File: /Applications/XAMPP/xamppfiles/htdocs/policlinico/index.php, Line: 217
[2025-05-27 20:10:57] [WARNING] Undefined array key "valoracion" - File: /Applications/XAMPP/xamppfiles/htdocs/policlinico/index.php, Line: 218
[2025-05-27 20:10:57] [WARNING] Undefined array key "autor_nombre" - File: /Applications/XAMPP/xamppfiles/htdocs/policlinico/index.php, Line: 219
[2025-05-27 20:10:57] [WARNING] Undefined array key "texto" - File: /Applications/XAMPP/xamppfiles/htdocs/policlinico/index.php, Line: 217
[2025-05-27 20:10:57] [WARNING] Undefined array key "valoracion" - File: /Applications/XAMPP/xamppfiles/htdocs/policlinico/index.php, Line: 218
[2025-05-27 20:10:57] [WARNING] Undefined array key "autor_nombre" - File: /Applications/XAMPP/xamppfiles/htdocs/policlinico/index.php, Line: 219
[2025-05-27 20:10:57] [WARNING] Undefined array key "texto" - File: /Applications/XAMPP/xamppfiles/htdocs/policlinico/index.php, Line: 217
[2025-05-27 20:10:57] [WARNING] Undefined array key "valoracion" - File: /Applications/XAMPP/xamppfiles/htdocs/policlinico/index.php, Line: 218
[2025-05-27 20:10:57] [WARNING] Undefined array key "autor_nombre" - File: /Applications/XAMPP/xamppfiles/htdocs/policlinico/index.php, Line: 219
[2025-05-27 20:10:57] [WARNING] Undefined array key "texto" - File: /Applications/XAMPP/xamppfiles/htdocs/policlinico/index.php, Line: 217
[2025-05-27 20:10:57] [WARNING] Undefined array key "valoracion" - File: /Applications/XAMPP/xamppfiles/htdocs/policlinico/index.php, Line: 218
[2025-05-27 20:10:57] [WARNING] Undefined array key "autor_nombre" - File: /Applications/XAMPP/xamppfiles/htdocs/policlinico/index.php, Line: 219
[2025-05-27 20:10:57] [WARNING] Undefined array key "texto" - File: /Applications/XAMPP/xamppfiles/htdocs/policlinico/index.php, Line: 217
[2025-05-27 20:10:57] [WARNING] Undefined array key "valoracion" - File: /Applications/XAMPP/xamppfiles/htdocs/policlinico/index.php, Line: 218
[2025-05-27 20:10:57] [WARNING] Undefined array key "autor_nombre" - File: /Applications/XAMPP/xamppfiles/htdocs/policlinico/index.php, Line: 219
[2025-05-27 20:10:57] [WARNING] Undefined array key "texto" - File: /Applications/XAMPP/xamppfiles/htdocs/policlinico/index.php, Line: 217
[2025-05-27 20:10:57] [WARNING] Undefined array key "valoracion" - File: /Applications/XAMPP/xamppfiles/htdocs/policlinico/index.php, Line: 218
[2025-05-27 20:10:57] [WARNING] Undefined array key "autor_nombre" - File: /Applications/XAMPP/xamppfiles/htdocs/policlinico/index.php, Line: 219
[2025-05-27 20:10:57] [WARNING] Undefined array key "texto" - File: /Applications/XAMPP/xamppfiles/htdocs/policlinico/index.php, Line: 217
[2025-05-27 20:10:57] [WARNING] Undefined array key "valoracion" - File: /Applications/XAMPP/xamppfiles/htdocs/policlinico/index.php, Line: 218
[2025-05-27 20:10:57] [WARNING] Undefined array key "autor_nombre" - File: /Applications/XAMPP/xamppfiles/htdocs/policlinico/index.php, Line: 219
[2025-05-27 20:11:25] [WARNING] Undefined array key "texto" - File: /Applications/XAMPP/xamppfiles/htdocs/policlinico/index.php, Line: 217
[2025-05-27 20:11:25] [WARNING] Undefined array key "valoracion" - File: /Applications/XAMPP/xamppfiles/htdocs/policlinico/index.php, Line: 218
[2025-05-27 20:11:25] [WARNING] Undefined array key "autor_nombre" - File: /Applications/XAMPP/xamppfiles/htdocs/policlinico/index.php, Line: 219
[2025-05-27 20:11:25] [WARNING] Undefined array key "texto" - File: /Applications/XAMPP/xamppfiles/htdocs/policlinico/index.php, Line: 217
[2025-05-27 20:11:25] [WARNING] Undefined array key "valoracion" - File: /Applications/XAMPP/xamppfiles/htdocs/policlinico/index.php, Line: 218
[2025-05-27 20:11:25] [WARNING] Undefined array key "autor_nombre" - File: /Applications/XAMPP/xamppfiles/htdocs/policlinico/index.php, Line: 219
[2025-05-27 20:11:25] [WARNING] Undefined array key "texto" - File: /Applications/XAMPP/xamppfiles/htdocs/policlinico/index.php, Line: 217
[2025-05-27 20:11:25] [WARNING] Undefined array key "valoracion" - File: /Applications/XAMPP/xamppfiles/htdocs/policlinico/index.php, Line: 218
[2025-05-27 20:11:25] [WARNING] Undefined array key "autor_nombre" - File: /Applications/XAMPP/xamppfiles/htdocs/policlinico/index.php, Line: 219
[2025-05-27 20:11:25] [WARNING] Undefined array key "texto" - File: /Applications/XAMPP/xamppfiles/htdocs/policlinico/index.php, Line: 217
[2025-05-27 20:11:25] [WARNING] Undefined array key "valoracion" - File: /Applications/XAMPP/xamppfiles/htdocs/policlinico/index.php, Line: 218
[2025-05-27 20:11:25] [WARNING] Undefined array key "autor_nombre" - File: /Applications/XAMPP/xamppfiles/htdocs/policlinico/index.php, Line: 219
[2025-05-27 20:11:30] [WARNING] Undefined array key "texto" - File: /Applications/XAMPP/xamppfiles/htdocs/policlinico/index.php, Line: 217
[2025-05-27 20:11:30] [WARNING] Undefined array key "valoracion" - File: /Applications/XAMPP/xamppfiles/htdocs/policlinico/index.php, Line: 218
[2025-05-27 20:11:30] [WARNING] Undefined array key "autor_nombre" - File: /Applications/XAMPP/xamppfiles/htdocs/policlinico/index.php, Line: 219
[2025-05-27 20:11:30] [WARNING] Undefined array key "texto" - File: /Applications/XAMPP/xamppfiles/htdocs/policlinico/index.php, Line: 217
[2025-05-27 20:11:30] [WARNING] Undefined array key "valoracion" - File: /Applications/XAMPP/xamppfiles/htdocs/policlinico/index.php, Line: 218
[2025-05-27 20:11:30] [WARNING] Undefined array key "autor_nombre" - File: /Applications/XAMPP/xamppfiles/htdocs/policlinico/index.php, Line: 219
[2025-05-27 20:11:30] [WARNING] Undefined array key "texto" - File: /Applications/XAMPP/xamppfiles/htdocs/policlinico/index.php, Line: 217
[2025-05-27 20:11:30] [WARNING] Undefined array key "valoracion" - File: /Applications/XAMPP/xamppfiles/htdocs/policlinico/index.php, Line: 218
[2025-05-27 20:11:30] [WARNING] Undefined array key "autor_nombre" - File: /Applications/XAMPP/xamppfiles/htdocs/policlinico/index.php, Line: 219
[2025-05-27 20:11:30] [WARNING] Undefined array key "texto" - File: /Applications/XAMPP/xamppfiles/htdocs/policlinico/index.php, Line: 217
[2025-05-27 20:11:30] [WARNING] Undefined array key "valoracion" - File: /Applications/XAMPP/xamppfiles/htdocs/policlinico/index.php, Line: 218
[2025-05-27 20:11:30] [WARNING] Undefined array key "autor_nombre" - File: /Applications/XAMPP/xamppfiles/htdocs/policlinico/index.php, Line: 219
[2025-05-27 20:17:06] [WARNING] Undefined array key "texto" - File: /Applications/XAMPP/xamppfiles/htdocs/policlinico/index.php, Line: 217
[2025-05-27 20:17:06] [WARNING] Undefined array key "valoracion" - File: /Applications/XAMPP/xamppfiles/htdocs/policlinico/index.php, Line: 218
[2025-05-27 20:17:06] [WARNING] Undefined array key "autor_nombre" - File: /Applications/XAMPP/xamppfiles/htdocs/policlinico/index.php, Line: 219
[2025-05-27 20:17:06] [WARNING] Undefined array key "texto" - File: /Applications/XAMPP/xamppfiles/htdocs/policlinico/index.php, Line: 217
[2025-05-27 20:17:06] [WARNING] Undefined array key "valoracion" - File: /Applications/XAMPP/xamppfiles/htdocs/policlinico/index.php, Line: 218
[2025-05-27 20:17:06] [WARNING] Undefined array key "autor_nombre" - File: /Applications/XAMPP/xamppfiles/htdocs/policlinico/index.php, Line: 219
[2025-05-27 20:17:06] [WARNING] Undefined array key "texto" - File: /Applications/XAMPP/xamppfiles/htdocs/policlinico/index.php, Line: 217
[2025-05-27 20:17:06] [WARNING] Undefined array key "valoracion" - File: /Applications/XAMPP/xamppfiles/htdocs/policlinico/index.php, Line: 218
[2025-05-27 20:17:06] [WARNING] Undefined array key "autor_nombre" - File: /Applications/XAMPP/xamppfiles/htdocs/policlinico/index.php, Line: 219
[2025-05-27 20:17:06] [WARNING] Undefined array key "texto" - File: /Applications/XAMPP/xamppfiles/htdocs/policlinico/index.php, Line: 217
[2025-05-27 20:17:06] [WARNING] Undefined array key "valoracion" - File: /Applications/XAMPP/xamppfiles/htdocs/policlinico/index.php, Line: 218
[2025-05-27 20:17:06] [WARNING] Undefined array key "autor_nombre" - File: /Applications/XAMPP/xamppfiles/htdocs/policlinico/index.php, Line: 219
[2025-05-27 20:18:44] [WARNING] Undefined array key "texto" - File: /Applications/XAMPP/xamppfiles/htdocs/policlinico/index.php, Line: 217
[2025-05-27 20:18:44] [WARNING] Undefined array key "valoracion" - File: /Applications/XAMPP/xamppfiles/htdocs/policlinico/index.php, Line: 218
[2025-05-27 20:18:44] [WARNING] Undefined array key "autor_nombre" - File: /Applications/XAMPP/xamppfiles/htdocs/policlinico/index.php, Line: 219
[2025-05-27 20:18:44] [WARNING] Undefined array key "texto" - File: /Applications/XAMPP/xamppfiles/htdocs/policlinico/index.php, Line: 217
[2025-05-27 20:18:44] [WARNING] Undefined array key "valoracion" - File: /Applications/XAMPP/xamppfiles/htdocs/policlinico/index.php, Line: 218
[2025-05-27 20:18:44] [WARNING] Undefined array key "autor_nombre" - File: /Applications/XAMPP/xamppfiles/htdocs/policlinico/index.php, Line: 219
[2025-05-27 20:18:44] [WARNING] Undefined array key "texto" - File: /Applications/XAMPP/xamppfiles/htdocs/policlinico/index.php, Line: 217
[2025-05-27 20:18:44] [WARNING] Undefined array key "valoracion" - File: /Applications/XAMPP/xamppfiles/htdocs/policlinico/index.php, Line: 218
[2025-05-27 20:18:44] [WARNING] Undefined array key "autor_nombre" - File: /Applications/XAMPP/xamppfiles/htdocs/policlinico/index.php, Line: 219
[2025-05-27 20:18:44] [WARNING] Undefined array key "texto" - File: /Applications/XAMPP/xamppfiles/htdocs/policlinico/index.php, Line: 217
[2025-05-27 20:18:44] [WARNING] Undefined array key "valoracion" - File: /Applications/XAMPP/xamppfiles/htdocs/policlinico/index.php, Line: 218
[2025-05-27 20:18:44] [WARNING] Undefined array key "autor_nombre" - File: /Applications/XAMPP/xamppfiles/htdocs/policlinico/index.php, Line: 219
[2025-05-27 20:19:37] [SHUTDOWN] Uncaught Error: Call to undefined function obtenerEspecies() in /Applications/XAMPP/xamppfiles/htdocs/policlinico/citas.php:280
Stack trace:
#0 {main}
  thrown - File: /Applications/XAMPP/xamppfiles/htdocs/policlinico/citas.php, Line: 280
[2025-05-27 20:19:56] [WARNING] Undefined array key "texto" - File: /Applications/XAMPP/xamppfiles/htdocs/policlinico/index.php, Line: 217
[2025-05-27 20:19:56] [WARNING] Undefined array key "valoracion" - File: /Applications/XAMPP/xamppfiles/htdocs/policlinico/index.php, Line: 218
[2025-05-27 20:19:56] [WARNING] Undefined array key "autor_nombre" - File: /Applications/XAMPP/xamppfiles/htdocs/policlinico/index.php, Line: 219
[2025-05-27 20:19:56] [WARNING] Undefined array key "texto" - File: /Applications/XAMPP/xamppfiles/htdocs/policlinico/index.php, Line: 217
[2025-05-27 20:19:56] [WARNING] Undefined array key "valoracion" - File: /Applications/XAMPP/xamppfiles/htdocs/policlinico/index.php, Line: 218
[2025-05-27 20:19:56] [WARNING] Undefined array key "autor_nombre" - File: /Applications/XAMPP/xamppfiles/htdocs/policlinico/index.php, Line: 219
[2025-05-27 20:19:56] [WARNING] Undefined array key "texto" - File: /Applications/XAMPP/xamppfiles/htdocs/policlinico/index.php, Line: 217
[2025-05-27 20:19:56] [WARNING] Undefined array key "valoracion" - File: /Applications/XAMPP/xamppfiles/htdocs/policlinico/index.php, Line: 218
[2025-05-27 20:19:56] [WARNING] Undefined array key "autor_nombre" - File: /Applications/XAMPP/xamppfiles/htdocs/policlinico/index.php, Line: 219
[2025-05-27 20:19:56] [WARNING] Undefined array key "texto" - File: /Applications/XAMPP/xamppfiles/htdocs/policlinico/index.php, Line: 217
[2025-05-27 20:19:56] [WARNING] Undefined array key "valoracion" - File: /Applications/XAMPP/xamppfiles/htdocs/policlinico/index.php, Line: 218
[2025-05-27 20:19:56] [WARNING] Undefined array key "autor_nombre" - File: /Applications/XAMPP/xamppfiles/htdocs/policlinico/index.php, Line: 219
[2025-05-27 20:20:00] [SHUTDOWN] Uncaught Error: Call to undefined function obtenerEspecies() in /Applications/XAMPP/xamppfiles/htdocs/policlinico/citas.php:280
Stack trace:
#0 {main}
  thrown - File: /Applications/XAMPP/xamppfiles/htdocs/policlinico/citas.php, Line: 280
[2025-05-27 20:20:03] [SHUTDOWN] Uncaught Error: Call to undefined function obtenerEspecies() in /Applications/XAMPP/xamppfiles/htdocs/policlinico/citas.php:280
Stack trace:
#0 {main}
  thrown - File: /Applications/XAMPP/xamppfiles/htdocs/policlinico/citas.php, Line: 280
[2025-05-27 20:20:11] [WARNING] Undefined array key "texto" - File: /Applications/XAMPP/xamppfiles/htdocs/policlinico/index.php, Line: 217
[2025-05-27 20:20:11] [WARNING] Undefined array key "valoracion" - File: /Applications/XAMPP/xamppfiles/htdocs/policlinico/index.php, Line: 218
[2025-05-27 20:20:11] [WARNING] Undefined array key "autor_nombre" - File: /Applications/XAMPP/xamppfiles/htdocs/policlinico/index.php, Line: 219
[2025-05-27 20:20:11] [WARNING] Undefined array key "texto" - File: /Applications/XAMPP/xamppfiles/htdocs/policlinico/index.php, Line: 217
[2025-05-27 20:20:11] [WARNING] Undefined array key "valoracion" - File: /Applications/XAMPP/xamppfiles/htdocs/policlinico/index.php, Line: 218
[2025-05-27 20:20:11] [WARNING] Undefined array key "autor_nombre" - File: /Applications/XAMPP/xamppfiles/htdocs/policlinico/index.php, Line: 219
[2025-05-27 20:20:11] [WARNING] Undefined array key "texto" - File: /Applications/XAMPP/xamppfiles/htdocs/policlinico/index.php, Line: 217
[2025-05-27 20:20:11] [WARNING] Undefined array key "valoracion" - File: /Applications/XAMPP/xamppfiles/htdocs/policlinico/index.php, Line: 218
[2025-05-27 20:20:11] [WARNING] Undefined array key "autor_nombre" - File: /Applications/XAMPP/xamppfiles/htdocs/policlinico/index.php, Line: 219
[2025-05-27 20:20:11] [WARNING] Undefined array key "texto" - File: /Applications/XAMPP/xamppfiles/htdocs/policlinico/index.php, Line: 217
[2025-05-27 20:20:11] [WARNING] Undefined array key "valoracion" - File: /Applications/XAMPP/xamppfiles/htdocs/policlinico/index.php, Line: 218
[2025-05-27 20:20:11] [WARNING] Undefined array key "autor_nombre" - File: /Applications/XAMPP/xamppfiles/htdocs/policlinico/index.php, Line: 219
[2025-05-27 20:23:53] [WARNING] Undefined array key "texto" - File: /Applications/XAMPP/xamppfiles/htdocs/policlinico/index.php, Line: 217
[2025-05-27 20:23:53] [WARNING] Undefined array key "valoracion" - File: /Applications/XAMPP/xamppfiles/htdocs/policlinico/index.php, Line: 218
[2025-05-27 20:23:53] [WARNING] Undefined array key "autor_nombre" - File: /Applications/XAMPP/xamppfiles/htdocs/policlinico/index.php, Line: 219
[2025-05-27 20:23:53] [WARNING] Undefined array key "texto" - File: /Applications/XAMPP/xamppfiles/htdocs/policlinico/index.php, Line: 217
[2025-05-27 20:23:53] [WARNING] Undefined array key "valoracion" - File: /Applications/XAMPP/xamppfiles/htdocs/policlinico/index.php, Line: 218
[2025-05-27 20:23:53] [WARNING] Undefined array key "autor_nombre" - File: /Applications/XAMPP/xamppfiles/htdocs/policlinico/index.php, Line: 219
[2025-05-27 20:23:53] [WARNING] Undefined array key "texto" - File: /Applications/XAMPP/xamppfiles/htdocs/policlinico/index.php, Line: 217
[2025-05-27 20:23:53] [WARNING] Undefined array key "valoracion" - File: /Applications/XAMPP/xamppfiles/htdocs/policlinico/index.php, Line: 218
[2025-05-27 20:23:53] [WARNING] Undefined array key "autor_nombre" - File: /Applications/XAMPP/xamppfiles/htdocs/policlinico/index.php, Line: 219
[2025-05-27 20:23:53] [WARNING] Undefined array key "texto" - File: /Applications/XAMPP/xamppfiles/htdocs/policlinico/index.php, Line: 217
[2025-05-27 20:23:53] [WARNING] Undefined array key "valoracion" - File: /Applications/XAMPP/xamppfiles/htdocs/policlinico/index.php, Line: 218
[2025-05-27 20:23:53] [WARNING] Undefined array key "autor_nombre" - File: /Applications/XAMPP/xamppfiles/htdocs/policlinico/index.php, Line: 219
